Log file open, 11/03/20 19:33:14
LogInit: Display: Running engine for game: Akintar
LogPlatformFile: Not using cached read wrapper
LogTaskGraph: Started task graph with 5 named threads and 35 total threads with 3 sets of task threads.
LogStats: Stats thread started at 0.173990
LogD3D11RHI: Loaded GFSDK_Aftermath_Lib.x64.dll
LogICUInternationalization: ICU TimeZone Detection - Raw Offset: -5:00, Platform Override: ''
LogPluginManager: Mounting plugin Paper2D
LogPluginManager: Mounting plugin AISupport
LogPluginManager: Mounting plugin LightPropagationVolume
LogPluginManager: Mounting plugin CameraShakePreviewer
LogPluginManager: Mounting plugin ActorLayerUtilities
LogPluginManager: Mounting plugin AnimationSharing
LogPluginManager: Mounting plugin CLionSourceCodeAccess
LogPluginManager: Mounting plugin CodeLiteSourceCodeAccess
LogPluginManager: Mounting plugin GitSourceControl
LogPluginManager: Mounting plugin KDevelopSourceCodeAccess
LogPluginManager: Mounting plugin NullSourceCodeAccess
LogPluginManager: Mounting plugin PerforceSourceControl
LogPluginManager: Mounting plugin PlasticSourceControl
LogPluginManager: Mounting plugin RiderSourceCodeAccess
LogPluginManager: Mounting plugin SubversionSourceControl
LogPluginManager: Mounting plugin UObjectPlugin
LogPluginManager: Mounting plugin VisualStudioCodeSourceCodeAccess
LogPluginManager: Mounting plugin VisualStudioSourceCodeAccess
LogPluginManager: Mounting plugin XCodeSourceCodeAccess
LogPluginManager: Mounting plugin AssetManagerEditor
LogPluginManager: Mounting plugin CryptoKeys
LogPluginManager: Mounting plugin CurveEditorTools
LogPluginManager: Mounting plugin DataValidation
LogPluginManager: Mounting plugin EditorScriptingUtilities
LogPluginManager: Mounting plugin FacialAnimation
LogPluginManager: Mounting plugin GameplayTagsEditor
LogPluginManager: Mounting plugin GeometryMode
LogPluginManager: Mounting plugin MacGraphicsSwitching
LogPluginManager: Mounting plugin MaterialAnalyzer
LogPluginManager: Mounting plugin MobileLauncherProfileWizard
LogPluginManager: Mounting plugin PluginBrowser
LogPluginManager: Mounting plugin SpeedTreeImporter
LogPluginManager: Mounting plugin DatasmithContent
LogPluginManager: Mounting plugin VariantManagerContent
LogPluginManager: Mounting plugin AlembicImporter
LogPluginManager: Mounting plugin AutomationUtils
LogPluginManager: Mounting plugin BackChannel
LogPluginManager: Mounting plugin ChaosCloth
LogPluginManager: Mounting plugin ChaosClothEditor
LogPluginManager: Mounting plugin ChaosEditor
LogPluginManager: Mounting plugin ChaosNiagara
LogPluginManager: Mounting plugin ChaosSolverPlugin
LogPluginManager: Mounting plugin CharacterAI
LogPluginManager: Mounting plugin GeometryCache
LogPluginManager: Mounting plugin GeometryCollectionPlugin
LogPluginManager: Mounting plugin GeometryProcessing
LogPluginManager: Mounting plugin PlanarCut
LogPluginManager: Mounting plugin PlatformCrypto
LogPluginManager: Mounting plugin ProxyLODPlugin
LogPluginManager: Mounting plugin PythonScriptPlugin
LogPluginManager: Mounting plugin SkeletalReduction
LogPluginManager: Mounting plugin Niagara
LogPluginManager: Mounting plugin NiagaraExtras
LogPluginManager: Mounting plugin MagicLeap
LogPluginManager: Mounting plugin MagicLeapLightEstimation
LogPluginManager: Mounting plugin MagicLeapMedia
LogPluginManager: Mounting plugin MagicLeapPassableWorld
LogPluginManager: Mounting plugin MLSDK
LogPluginManager: Mounting plugin Substance
LogPluginManager: Mounting plugin AndroidMedia
LogPluginManager: Mounting plugin AvfMedia
LogPluginManager: Mounting plugin ImgMedia
LogPluginManager: Mounting plugin MediaCompositing
LogPluginManager: Mounting plugin MediaPlayerEditor
LogPluginManager: Mounting plugin WebMMedia
LogPluginManager: Mounting plugin WmfMedia
LogPluginManager: Mounting plugin MegascansPlugin
LogPluginManager: Mounting plugin MeshPainting
LogPluginManager: Mounting plugin TcpMessaging
LogPluginManager: Mounting plugin UdpMessaging
LogPluginManager: Mounting plugin ActorSequence
LogPluginManager: Mounting plugin LevelSequenceEditor
LogPluginManager: Mounting plugin MatineeToLevelSequence
LogPluginManager: Mounting plugin MovieRenderPipeline
LogPluginManager: Mounting plugin TemplateSequence
LogPluginManager: Mounting plugin NetcodeUnitTest
LogPluginManager: Mounting plugin NUTUnrealEngine4
LogPluginManager: Mounting plugin OnlineSubsystemGooglePlay
LogPluginManager: Mounting plugin OnlineSubsystemIOS
LogPluginManager: Mounting plugin OnlineSubsystem
LogPluginManager: Mounting plugin OnlineSubsystemNull
LogPluginManager: Mounting plugin OnlineSubsystemUtils
LogPluginManager: Mounting plugin LauncherChunkInstaller
LogPluginManager: Mounting plugin AndroidDeviceProfileSelector
LogPluginManager: Mounting plugin AndroidMoviePlayer
LogPluginManager: Mounting plugin AndroidPermission
LogPluginManager: Mounting plugin AppleImageUtils
LogPluginManager: Mounting plugin AppleMoviePlayer
LogPluginManager: Mounting plugin ArchVisCharacter
LogPluginManager: Mounting plugin AssetTags
LogPluginManager: Mounting plugin AudioCapture
LogPluginManager: Mounting plugin CableComponent
LogPluginManager: Mounting plugin CustomMeshComponent
LogPluginManager: Mounting plugin EditableMesh
LogPluginManager: Mounting plugin ExampleDeviceProfileSelector
LogPluginManager: Mounting plugin GoogleCloudMessaging
LogPluginManager: Mounting plugin GooglePAD
LogPluginManager: Mounting plugin IOSDeviceProfileSelector
LogPluginManager: Mounting plugin LinuxDeviceProfileSelector
LogPluginManager: Mounting plugin LocationServicesBPLibrary
LogPluginManager: Mounting plugin MobilePatchingUtils
LogPluginManager: Mounting plugin OculusVR
LogPluginManager: Mounting plugin PhysXVehicles
LogPluginManager: Mounting plugin PostSplashScreen
LogPluginManager: Mounting plugin ProceduralMeshComponent
LogPluginManager: Mounting plugin RuntimePhysXCooking
LogPluginManager: Mounting plugin SignificanceManager
LogPluginManager: Mounting plugin SoundFields
LogPluginManager: Mounting plugin SteamVR
LogPluginManager: Mounting plugin Synthesis
LogPluginManager: Mounting plugin WebMMoviePlayer
LogPluginManager: Mounting plugin WindowsMoviePlayer
LogPluginManager: Mounting plugin ScreenshotTools
LogInit: Using libcurl 7.55.1-DEV
LogInit:  - built for x86_64-pc-win32
LogInit:  - supports SSL with OpenSSL/1.1.1
LogInit:  - supports HTTP deflate (compression) using libz 1.2.8
LogInit:  - other features:
LogInit:      CURL_VERSION_SSL
LogInit:      CURL_VERSION_LIBZ
LogInit:      CURL_VERSION_IPV6
LogInit:      CURL_VERSION_ASYNCHDNS
LogInit:      CURL_VERSION_LARGEFILE
LogInit:      CURL_VERSION_IDN
LogInit:  CurlRequestOptions (configurable via config and command line):
LogInit:  - bVerifyPeer = true  - Libcurl will verify peer certificate
LogInit:  - bUseHttpProxy = false  - Libcurl will NOT use HTTP proxy
LogInit:  - bDontReuseConnections = false  - Libcurl will reuse connections
LogInit:  - MaxHostConnections = 16  - Libcurl will limit the number of connections to a host
LogInit:  - LocalHostAddr = Default
LogInit:  - BufferSize = 65536
LogOnline: OSS: Creating online subsystem instance for: NULL
LogInit: WinSock: version 1.1 (2.2), MaxSocks=32767, MaxUdp=65467
LogOnline: OSS: TryLoadSubsystemAndSetDefault: Loaded subsystem for module [NULL]
LogInit: Build: ++UE4+Release-4.25-CL-13942748
LogInit: Engine Version: 4.25.3-13942748+++UE4+Release-4.25
LogInit: Compatible Engine Version: 4.25.0-13144385+++UE4+Release-4.25
LogInit: Net CL: 13144385
LogInit: OS: Windows 10 (Release 2004) (), CPU: Intel(R) Core(TM) i7-8750H CPU @ 2.20GHz, GPU: NVIDIA GeForce GTX 1070
LogInit: Compiled (64-bit): Jul 25 2020 02:07:48
LogInit: Compiled with Visual C++: 19.24.28315.00
LogInit: Build Configuration: Development
LogInit: Branch Name: ++UE4+Release-4.25
LogInit: Command Line: 
LogInit: Base Directory: C:/Program Files/Epic Games/UE_4.25/Engine/Binaries/Win64/
LogInit: Allocator: TBB
LogInit: Installed Engine Build: 1
LogDevObjectVersion: Number of dev versions registered: 26
LogDevObjectVersion:   Dev-Blueprints (B0D832E4-1F89-4F0D-ACCF-7EB736FD4AA2): 10
LogDevObjectVersion:   Dev-Build (E1C64328-A22C-4D53-A36C-8E866417BD8C): 0
LogDevObjectVersion:   Dev-Core (375EC13C-06E4-48FB-B500-84F0262A717E): 4
LogDevObjectVersion:   Dev-Editor (E4B068ED-F494-42E9-A231-DA0B2E46BB41): 38
LogDevObjectVersion:   Dev-Framework (CFFC743F-43B0-4480-9391-14DF171D2073): 37
LogDevObjectVersion:   Dev-Mobile (B02B49B5-BB20-44E9-A304-32B752E40360): 2
LogDevObjectVersion:   Dev-Networking (A4E4105C-59A1-49B5-A7C5-40C4547EDFEE): 0
LogDevObjectVersion:   Dev-Online (39C831C9-5AE6-47DC-9A44-9C173E1C8E7C): 0
LogDevObjectVersion:   Dev-Physics (78F01B33-EBEA-4F98-B9B4-84EACCB95AA2): 4
LogDevObjectVersion:   Dev-Platform (6631380F-2D4D-43E0-8009-CF276956A95A): 0
LogDevObjectVersion:   Dev-Rendering (12F88B9F-8875-4AFC-A67C-D90C383ABD29): 43
LogDevObjectVersion:   Dev-Sequencer (7B5AE74C-D270-4C10-A958-57980B212A5A): 12
LogDevObjectVersion:   Dev-VR (D7296918-1DD6-4BDD-9DE2-64A83CC13884): 3
LogDevObjectVersion:   Dev-LoadTimes (C2A15278-BFE7-4AFE-6C17-90FF531DF755): 1
LogDevObjectVersion:   Private-Geometry (6EACA3D4-40EC-4CC1-B786-8BED09428FC5): 3
LogDevObjectVersion:   Dev-AnimPhys (29E575DD-E0A3-4627-9D10-D276232CDCEA): 17
LogDevObjectVersion:   Dev-Anim (AF43A65D-7FD3-4947-9873-3E8ED9C1BB05): 7
LogDevObjectVersion:   Dev-ReflectionCapture (6B266CEC-1EC7-4B8F-A30B-E4D90942FC07): 1
LogDevObjectVersion:   Dev-Automation (0DF73D61-A23F-47EA-B727-89E90C41499A): 1
LogDevObjectVersion:   FortniteMain (601D1886-AC64-4F84-AA16-D3DE0DEAC7D6): 31
LogDevObjectVersion:   Dev-Enterprise (9DFFBCD6-494F-0158-E221-12823C92A888): 10
LogDevObjectVersion:   Dev-Niagara (F2AED0AC-9AFE-416F-8664-AA7FFA26D6FC): 1
LogDevObjectVersion:   Dev-Destruction (174F1F0B-B4C6-45A5-B13F-2EE8D0FB917D): 10
LogDevObjectVersion:   Dev-Physics-Ext (35F94A83-E258-406C-A318-09F59610247C): 37
LogDevObjectVersion:   Dev-PhysicsMaterial-Chaos (B68FC16E-8B1B-42E2-B453-215C058844FE): 1
LogDevObjectVersion:   Dev-CineCamera (B2E18506-4273-CFC2-A54E-F4BB758BBA07): 1
LogInit: Presizing for max 25165824 objects, including 0 objects not considered by GC, pre-allocating 0 bytes for permanent pool.
LogConfig: Applying CVar settings from Section [/Script/Engine.StreamingSettings] File [C:/Users/Mariah/Documents/GitHub/RobertandDavid/UnrealCollab/Akintar/Saved/Config/Windows/Engine.ini]
LogConfig: Setting CVar [[s.MinBulkDataSizeForAsyncLoading:131072]]
LogConfig: Setting CVar [[s.AsyncLoadingThreadEnabled:0]]
LogConfig: Setting CVar [[s.EventDrivenLoaderEnabled:1]]
LogConfig: Setting CVar [[s.WarnIfTimeLimitExceeded:0]]
LogConfig: Setting CVar [[s.TimeLimitExceededMultiplier:1.5]]
LogConfig: Setting CVar [[s.TimeLimitExceededMinTime:0.005]]
LogConfig: Setting CVar [[s.UseBackgroundLevelStreaming:1]]
LogConfig: Setting CVar [[s.PriorityAsyncLoadingExtraTime:15.0]]
LogConfig: Setting CVar [[s.LevelStreamingActorsUpdateTimeLimit:5.0]]
LogConfig: Setting CVar [[s.PriorityLevelStreamingActorsUpdateExtraTime:5.0]]
LogConfig: Setting CVar [[s.LevelStreamingComponentsRegistrationGranularity:10]]
LogConfig: Setting CVar [[s.UnregisterComponentsTimeLimit:1.0]]
LogConfig: Setting CVar [[s.LevelStreamingComponentsUnregistrationGranularity:5]]
LogConfig: Setting CVar [[s.FlushStreamingOnExit:1]]
LogInit: Object subsystem initialized
LogConfig: Setting CVar [[con.DebugEarlyDefault:1]]
LogConfig: Setting CVar [[r.setres:1280x720]]
[2020.11.04-00.33.14:864][  0]LogConfig: Setting CVar [[r.VSync:0]]
[2020.11.04-00.33.14:864][  0]LogConfig: Setting CVar [[r.RHICmdBypass:0]]
[2020.11.04-00.33.14:864][  0]LogConfig: Applying CVar settings from Section [/Script/Engine.RendererSettings] File [C:/Users/Mariah/Documents/GitHub/RobertandDavid/UnrealCollab/Akintar/Saved/Config/Windows/Engine.ini]
[2020.11.04-00.33.14:864][  0]LogConfig: Setting CVar [[r.GPUCrashDebugging:0]]
[2020.11.04-00.33.14:864][  0]LogConfig: Setting CVar [[r.VirtualTextures:1]]
[2020.11.04-00.33.14:864][  0]LogConfig: Setting CVar [[r.VirtualTexturedLightmaps:1]]
[2020.11.04-00.33.14:864][  0]LogConfig: Setting CVar [[r.CustomDepth:3]]
[2020.11.04-00.33.14:864][  0]LogConfig: Applying CVar settings from Section [/Script/Engine.RendererOverrideSettings] File [C:/Users/Mariah/Documents/GitHub/RobertandDavid/UnrealCollab/Akintar/Saved/Config/Windows/Engine.ini]
[2020.11.04-00.33.14:864][  0]LogConfig: Applying CVar settings from Section [/Script/Engine.StreamingSettings] File [C:/Users/Mariah/Documents/GitHub/RobertandDavid/UnrealCollab/Akintar/Saved/Config/Windows/Engine.ini]
[2020.11.04-00.33.14:864][  0]LogConfig: Setting CVar [[s.MinBulkDataSizeForAsyncLoading:131072]]
[2020.11.04-00.33.14:864][  0]LogConfig: Setting CVar [[s.AsyncLoadingThreadEnabled:0]]
[2020.11.04-00.33.14:864][  0]LogConfig: Setting CVar [[s.EventDrivenLoaderEnabled:1]]
[2020.11.04-00.33.14:864][  0]LogConfig: Setting CVar [[s.WarnIfTimeLimitExceeded:0]]
[2020.11.04-00.33.14:864][  0]LogConfig: Setting CVar [[s.TimeLimitExceededMultiplier:1.5]]
[2020.11.04-00.33.14:864][  0]LogConfig: Setting CVar [[s.TimeLimitExceededMinTime:0.005]]
[2020.11.04-00.33.14:864][  0]LogConfig: Setting CVar [[s.UseBackgroundLevelStreaming:1]]
[2020.11.04-00.33.14:864][  0]LogConfig: Setting CVar [[s.PriorityAsyncLoadingExtraTime:15.0]]
[2020.11.04-00.33.14:864][  0]LogConfig: Setting CVar [[s.LevelStreamingActorsUpdateTimeLimit:5.0]]
[2020.11.04-00.33.14:864][  0]LogConfig: Setting CVar [[s.PriorityLevelStreamingActorsUpdateExtraTime:5.0]]
[2020.11.04-00.33.14:864][  0]LogConfig: Setting CVar [[s.LevelStreamingComponentsRegistrationGranularity:10]]
[2020.11.04-00.33.14:864][  0]LogConfig: Setting CVar [[s.UnregisterComponentsTimeLimit:1.0]]
[2020.11.04-00.33.14:864][  0]LogConfig: Setting CVar [[s.LevelStreamingComponentsUnregistrationGranularity:5]]
[2020.11.04-00.33.14:864][  0]LogConfig: Setting CVar [[s.FlushStreamingOnExit:1]]
[2020.11.04-00.33.14:864][  0]LogConfig: Applying CVar settings from Section [/Script/Engine.GarbageCollectionSettings] File [C:/Users/Mariah/Documents/GitHub/RobertandDavid/UnrealCollab/Akintar/Saved/Config/Windows/Engine.ini]
[2020.11.04-00.33.14:864][  0]LogConfig: Setting CVar [[gc.MaxObjectsNotConsideredByGC:1]]
[2020.11.04-00.33.14:864][  0]LogConfig: Setting CVar [[gc.SizeOfPermanentObjectPool:0]]
[2020.11.04-00.33.14:864][  0]LogConfig: Setting CVar [[gc.FlushStreamingOnGC:0]]
[2020.11.04-00.33.14:864][  0]LogConfig: Setting CVar [[gc.NumRetriesBeforeForcingGC:10]]
[2020.11.04-00.33.14:864][  0]LogConfig: Setting CVar [[gc.AllowParallelGC:1]]
[2020.11.04-00.33.14:864][  0]LogConfig: Setting CVar [[gc.TimeBetweenPurgingPendingKillObjects:61.1]]
[2020.11.04-00.33.14:864][  0]LogConfig: Setting CVar [[gc.MaxObjectsInEditor:25165824]]
[2020.11.04-00.33.14:864][  0]LogConfig: Setting CVar [[gc.IncrementalBeginDestroyEnabled:1]]
[2020.11.04-00.33.14:864][  0]LogConfig: Setting CVar [[gc.CreateGCClusters:1]]
[2020.11.04-00.33.14:864][  0]LogConfig: Setting CVar [[gc.MinGCClusterSize:5]]
[2020.11.04-00.33.14:864][  0]LogConfig: Setting CVar [[gc.ActorClusteringEnabled:0]]
[2020.11.04-00.33.14:864][  0]LogConfig: Setting CVar [[gc.BlueprintClusteringEnabled:0]]
[2020.11.04-00.33.14:864][  0]LogConfig: Setting CVar [[gc.UseDisregardForGCOnDedicatedServers:0]]
[2020.11.04-00.33.14:864][  0]LogConfig: Applying CVar settings from Section [/Script/Engine.NetworkSettings] File [C:/Users/Mariah/Documents/GitHub/RobertandDavid/UnrealCollab/Akintar/Saved/Config/Windows/Engine.ini]
[2020.11.04-00.33.14:864][  0]LogConfig: Applying CVar settings from Section [/Script/UnrealEd.CookerSettings] File [C:/Users/Mariah/Documents/GitHub/RobertandDavid/UnrealCollab/Akintar/Saved/Config/Windows/Engine.ini]
[2020.11.04-00.33.14:866][  0]LogConfig: Applying CVar settings from Section [ViewDistanceQuality@3] File [C:/Users/Mariah/Documents/GitHub/RobertandDavid/UnrealCollab/Akintar/Saved/Config/Windows/Scalability.ini]
[2020.11.04-00.33.14:866][  0]LogConfig: Setting CVar [[r.SkeletalMeshLODBias:0]]
[2020.11.04-00.33.14:866][  0]LogConfig: Setting CVar [[r.ViewDistanceScale:1.0]]
[2020.11.04-00.33.14:866][  0]LogConfig: Applying CVar settings from Section [AntiAliasingQuality@3] File [C:/Users/Mariah/Documents/GitHub/RobertandDavid/UnrealCollab/Akintar/Saved/Config/Windows/Scalability.ini]
[2020.11.04-00.33.14:866][  0]LogConfig: Setting CVar [[r.PostProcessAAQuality:4]]
[2020.11.04-00.33.14:866][  0]LogConfig: Applying CVar settings from Section [ShadowQuality@3] File [C:/Users/Mariah/Documents/GitHub/RobertandDavid/UnrealCollab/Akintar/Saved/Config/Windows/Scalability.ini]
[2020.11.04-00.33.14:866][  0]LogConfig: Setting CVar [[r.LightFunctionQuality:1]]
[2020.11.04-00.33.14:866][  0]LogConfig: Setting CVar [[r.ShadowQuality:5]]
[2020.11.04-00.33.14:866][  0]LogConfig: Setting CVar [[r.Shadow.CSM.MaxCascades:10]]
[2020.11.04-00.33.14:866][  0]LogConfig: Setting CVar [[r.Shadow.MaxResolution:2048]]
[2020.11.04-00.33.14:866][  0]LogConfig: Setting CVar [[r.Shadow.MaxCSMResolution:2048]]
[2020.11.04-00.33.14:866][  0]LogConfig: Setting CVar [[r.Shadow.RadiusThreshold:0.01]]
[2020.11.04-00.33.14:866][  0]LogConfig: Setting CVar [[r.Shadow.DistanceScale:1.0]]
[2020.11.04-00.33.14:866][  0]LogConfig: Setting CVar [[r.Shadow.CSM.TransitionScale:1.0]]
[2020.11.04-00.33.14:866][  0]LogConfig: Setting CVar [[r.Shadow.PreShadowResolutionFactor:1.0]]
[2020.11.04-00.33.14:866][  0]LogConfig: Setting CVar [[r.DistanceFieldShadowing:1]]
[2020.11.04-00.33.14:866][  0]LogConfig: Setting CVar [[r.DistanceFieldAO:1]]
[2020.11.04-00.33.14:866][  0]LogConfig: Setting CVar [[r.AOQuality:2]]
[2020.11.04-00.33.14:866][  0]LogConfig: Setting CVar [[r.VolumetricFog:1]]
[2020.11.04-00.33.14:866][  0]LogConfig: Setting CVar [[r.VolumetricFog.GridPixelSize:8]]
[2020.11.04-00.33.14:866][  0]LogConfig: Setting CVar [[r.VolumetricFog.GridSizeZ:128]]
[2020.11.04-00.33.14:868][  0]LogConfig: Setting CVar [[r.VolumetricFog.HistoryMissSupersampleCount:4]]
[2020.11.04-00.33.14:868][  0]LogConfig: Setting CVar [[r.LightMaxDrawDistanceScale:1]]
[2020.11.04-00.33.14:868][  0]LogConfig: Setting CVar [[r.CapsuleShadows:1]]
[2020.11.04-00.33.14:868][  0]LogConfig: Applying CVar settings from Section [PostProcessQuality@3] File [C:/Users/Mariah/Documents/GitHub/RobertandDavid/UnrealCollab/Akintar/Saved/Config/Windows/Scalability.ini]
[2020.11.04-00.33.14:868][  0]LogConfig: Setting CVar [[r.MotionBlurQuality:4]]
[2020.11.04-00.33.14:868][  0]LogConfig: Setting CVar [[r.AmbientOcclusionMipLevelFactor:0.4]]
[2020.11.04-00.33.14:868][  0]LogConfig: Setting CVar [[r.AmbientOcclusionMaxQuality:100]]
[2020.11.04-00.33.14:868][  0]LogConfig: Setting CVar [[r.AmbientOcclusionLevels:-1]]
[2020.11.04-00.33.14:868][  0]LogConfig: Setting CVar [[r.AmbientOcclusionRadiusScale:1.0]]
[2020.11.04-00.33.14:868][  0]LogConfig: Setting CVar [[r.DepthOfFieldQuality:2]]
[2020.11.04-00.33.14:868][  0]LogConfig: Setting CVar [[r.RenderTargetPoolMin:400]]
[2020.11.04-00.33.14:868][  0]LogConfig: Setting CVar [[r.LensFlareQuality:2]]
[2020.11.04-00.33.14:868][  0]LogConfig: Setting CVar [[r.SceneColorFringeQuality:1]]
[2020.11.04-00.33.14:868][  0]LogConfig: Setting CVar [[r.EyeAdaptationQuality:2]]
[2020.11.04-00.33.14:868][  0]LogConfig: Setting CVar [[r.BloomQuality:5]]
[2020.11.04-00.33.14:868][  0]LogConfig: Setting CVar [[r.FastBlurThreshold:100]]
[2020.11.04-00.33.14:868][  0]LogConfig: Setting CVar [[r.Upscale.Quality:3]]
[2020.11.04-00.33.14:868][  0]LogConfig: Setting CVar [[r.Tonemapper.GrainQuantization:1]]
[2020.11.04-00.33.14:868][  0]LogConfig: Setting CVar [[r.LightShaftQuality:1]]
[2020.11.04-00.33.14:868][  0]LogConfig: Setting CVar [[r.Filter.SizeScale:1]]
[2020.11.04-00.33.14:868][  0]LogConfig: Setting CVar [[r.Tonemapper.Quality:5]]
[2020.11.04-00.33.14:868][  0]LogConfig: Setting CVar [[r.DOF.Gather.AccumulatorQuality:1        ; higher gathering accumulator quality]]
[2020.11.04-00.33.14:868][  0]LogConfig: Setting CVar [[r.DOF.Gather.PostfilterMethod:1          ; Median3x3 postfilering method]]
[2020.11.04-00.33.14:868][  0]LogConfig: Setting CVar [[r.DOF.Gather.EnableBokehSettings:0       ; no bokeh simulation when gathering]]
[2020.11.04-00.33.14:868][  0]LogConfig: Setting CVar [[r.DOF.Gather.RingCount:4                 ; medium number of samples when gathering]]
[2020.11.04-00.33.14:868][  0]LogConfig: Setting CVar [[r.DOF.Scatter.ForegroundCompositing:1    ; additive foreground scattering]]
[2020.11.04-00.33.14:868][  0]LogConfig: Setting CVar [[r.DOF.Scatter.BackgroundCompositing:2    ; additive background scattering]]
[2020.11.04-00.33.14:868][  0]LogConfig: Setting CVar [[r.DOF.Scatter.EnableBokehSettings:1      ; bokeh simulation when scattering]]
[2020.11.04-00.33.14:868][  0]LogConfig: Setting CVar [[r.DOF.Scatter.MaxSpriteRatio:0.1         ; only a maximum of 10% of scattered bokeh]]
[2020.11.04-00.33.14:868][  0]LogConfig: Setting CVar [[r.DOF.Recombine.Quality:1                ; cheap slight out of focus]]
[2020.11.04-00.33.14:868][  0]LogConfig: Setting CVar [[r.DOF.Recombine.EnableBokehSettings:0    ; no bokeh simulation on slight out of focus]]
[2020.11.04-00.33.14:868][  0]LogConfig: Setting CVar [[r.DOF.TemporalAAQuality:1                ; more stable temporal accumulation]]
[2020.11.04-00.33.14:868][  0]LogConfig: Setting CVar [[r.DOF.Kernel.MaxForegroundRadius:0.025]]
[2020.11.04-00.33.14:868][  0]LogConfig: Setting CVar [[r.DOF.Kernel.MaxBackgroundRadius:0.025]]
[2020.11.04-00.33.14:868][  0]LogConfig: Applying CVar settings from Section [TextureQuality@3] File [C:/Users/Mariah/Documents/GitHub/RobertandDavid/UnrealCollab/Akintar/Saved/Config/Windows/Scalability.ini]
[2020.11.04-00.33.14:868][  0]LogConfig: Setting CVar [[r.Streaming.MipBias:0]]
[2020.11.04-00.33.14:868][  0]LogConfig: Setting CVar [[r.Streaming.AmortizeCPUToGPUCopy:0]]
[2020.11.04-00.33.14:868][  0]LogConfig: Setting CVar [[r.Streaming.MaxNumTexturesToStreamPerFrame:0]]
[2020.11.04-00.33.14:868][  0]LogConfig: Setting CVar [[r.Streaming.Boost:1]]
[2020.11.04-00.33.14:868][  0]LogConfig: Setting CVar [[r.MaxAnisotropy:8]]
[2020.11.04-00.33.14:868][  0]LogConfig: Setting CVar [[r.VT.MaxAnisotropy:8]]
[2020.11.04-00.33.14:868][  0]LogConfig: Setting CVar [[r.Streaming.LimitPoolSizeToVRAM:0]]
[2020.11.04-00.33.14:868][  0]LogConfig: Setting CVar [[r.Streaming.PoolSize:1000]]
[2020.11.04-00.33.14:868][  0]LogConfig: Setting CVar [[r.Streaming.MaxEffectiveScreenSize:0]]
[2020.11.04-00.33.14:868][  0]LogConfig: Applying CVar settings from Section [EffectsQuality@3] File [C:/Users/Mariah/Documents/GitHub/RobertandDavid/UnrealCollab/Akintar/Saved/Config/Windows/Scalability.ini]
[2020.11.04-00.33.14:868][  0]LogConfig: Setting CVar [[r.TranslucencyLightingVolumeDim:64]]
[2020.11.04-00.33.14:868][  0]LogConfig: Setting CVar [[r.RefractionQuality:2]]
[2020.11.04-00.33.14:868][  0]LogConfig: Setting CVar [[r.SSR.Quality:3]]
[2020.11.04-00.33.14:868][  0]LogConfig: Setting CVar [[r.SSR.HalfResSceneColor:0]]
[2020.11.04-00.33.14:868][  0]LogConfig: Setting CVar [[r.SceneColorFormat:4]]
[2020.11.04-00.33.14:868][  0]LogConfig: Setting CVar [[r.DetailMode:2]]
[2020.11.04-00.33.14:868][  0]LogConfig: Setting CVar [[r.TranslucencyVolumeBlur:1]]
[2020.11.04-00.33.14:868][  0]LogConfig: Setting CVar [[r.MaterialQualityLevel:1 ; High quality]]
[2020.11.04-00.33.14:868][  0]LogConfig: Setting CVar [[r.SSS.Scale:1]]
[2020.11.04-00.33.14:868][  0]LogConfig: Setting CVar [[r.SSS.SampleSet:2]]
[2020.11.04-00.33.14:868][  0]LogConfig: Setting CVar [[r.SSS.Quality:1]]
[2020.11.04-00.33.14:868][  0]LogConfig: Setting CVar [[r.SSS.HalfRes:0]]
[2020.11.04-00.33.14:868][  0]LogConfig: Setting CVar [[r.SSGI.Quality:3]]
[2020.11.04-00.33.14:868][  0]LogConfig: Setting CVar [[r.EmitterSpawnRateScale:1.0]]
[2020.11.04-00.33.14:868][  0]LogConfig: Setting CVar [[r.ParticleLightQuality:2]]
[2020.11.04-00.33.14:868][  0]LogConfig: Setting CVar [[r.SkyAtmosphere.AerialPerspectiveLUT.FastApplyOnOpaque:1 ; Always have FastSkyLUT 1 in this case to avoid wrong sky]]
[2020.11.04-00.33.14:868][  0]LogConfig: Setting CVar [[r.SkyAtmosphere.AerialPerspectiveLUT.SampleCountPerSlice:1]]
[2020.11.04-00.33.14:868][  0]LogConfig: Setting CVar [[r.SkyAtmosphere.AerialPerspectiveLUT.DepthResolution:16.0]]
[2020.11.04-00.33.14:868][  0]LogConfig: Setting CVar [[r.SkyAtmosphere.FastSkyLUT:1]]
[2020.11.04-00.33.14:868][  0]LogConfig: Setting CVar [[r.SkyAtmosphere.FastSkyLUT.SampleCountMin:4.0]]
[2020.11.04-00.33.14:868][  0]LogConfig: Setting CVar [[r.SkyAtmosphere.FastSkyLUT.SampleCountMax:32.0]]
[2020.11.04-00.33.14:868][  0]LogConfig: Setting CVar [[r.SkyAtmosphere.SampleCountMin:4.0]]
[2020.11.04-00.33.14:868][  0]LogConfig: Setting CVar [[r.SkyAtmosphere.SampleCountMax:32.0]]
[2020.11.04-00.33.14:868][  0]LogConfig: Setting CVar [[r.SkyAtmosphere.TransmittanceLUT.UseSmallFormat:0]]
[2020.11.04-00.33.14:868][  0]LogConfig: Setting CVar [[r.SkyAtmosphere.TransmittanceLUT.SampleCount:10.0]]
[2020.11.04-00.33.14:868][  0]LogConfig: Setting CVar [[r.SkyAtmosphere.MultiScatteringLUT.SampleCount:15.0]]
[2020.11.04-00.33.14:868][  0]LogConfig: Applying CVar settings from Section [FoliageQuality@3] File [C:/Users/Mariah/Documents/GitHub/RobertandDavid/UnrealCollab/Akintar/Saved/Config/Windows/Scalability.ini]
[2020.11.04-00.33.14:868][  0]LogConfig: Setting CVar [[foliage.DensityScale:1.0]]
[2020.11.04-00.33.14:868][  0]LogConfig: Setting CVar [[grass.DensityScale:1.0]]
[2020.11.04-00.33.14:868][  0]LogConfig: Applying CVar settings from Section [ShadingQuality@3] File [C:/Users/Mariah/Documents/GitHub/RobertandDavid/UnrealCollab/Akintar/Saved/Config/Windows/Scalability.ini]
[2020.11.04-00.33.14:869][  0]LogConfig: Setting CVar [[r.HairStrands.SkyLighting.SampleCount:16]]
[2020.11.04-00.33.14:869][  0]LogConfig: Setting CVar [[r.HairStrands.SkyLighting.JitterIntegration:0]]
[2020.11.04-00.33.14:869][  0]LogConfig: Setting CVar [[r.HairStrands.SkyAO.SampleCount:16]]
[2020.11.04-00.33.14:869][  0]LogConfig: Setting CVar [[r.HairStrands.DeepShadow.SuperSampling:0]]
[2020.11.04-00.33.14:869][  0]LogConfig: Setting CVar [[r.HairStrands.VisibilityPPLL:0]]
[2020.11.04-00.33.14:869][  0]LogConfig: Setting CVar [[r.HairStrands.RasterizationScale:0.5]]
[2020.11.04-00.33.14:869][  0]LogConfig: Setting CVar [[r.HairStrands.VelocityRasterizationScale:1]]
[2020.11.04-00.33.14:869][  0]LogInit: Selected Device Profile: [Windows]
[2020.11.04-00.33.14:869][  0]LogInit: Applying CVar settings loaded from the selected device profile: [Windows]
[2020.11.04-00.33.14:869][  0]LogHAL: Display: Platform has ~ 16 GB [17031884800 / 17179869184 / 16], which maps to Larger [LargestMinGB=32, LargerMinGB=12, DefaultMinGB=8, SmallerMinGB=6, SmallestMinGB=0)
[2020.11.04-00.33.14:869][  0]LogInit: Going up to parent DeviceProfile []
[2020.11.04-00.33.14:869][  0]LogConfig: Applying CVar settings from Section [ViewDistanceQuality@3] File [C:/Users/Mariah/Documents/GitHub/RobertandDavid/UnrealCollab/Akintar/Saved/Config/Windows/Scalability.ini]
[2020.11.04-00.33.14:869][  0]LogConfig: Setting CVar [[r.SkeletalMeshLODBias:0]]
[2020.11.04-00.33.14:869][  0]LogConfig: Setting CVar [[r.ViewDistanceScale:1.0]]
[2020.11.04-00.33.14:869][  0]LogConfig: Applying CVar settings from Section [AntiAliasingQuality@3] File [C:/Users/Mariah/Documents/GitHub/RobertandDavid/UnrealCollab/Akintar/Saved/Config/Windows/Scalability.ini]
[2020.11.04-00.33.14:869][  0]LogConfig: Setting CVar [[r.PostProcessAAQuality:4]]
[2020.11.04-00.33.14:869][  0]LogConfig: Applying CVar settings from Section [ShadowQuality@3] File [C:/Users/Mariah/Documents/GitHub/RobertandDavid/UnrealCollab/Akintar/Saved/Config/Windows/Scalability.ini]
[2020.11.04-00.33.14:869][  0]LogConfig: Setting CVar [[r.LightFunctionQuality:1]]
[2020.11.04-00.33.14:869][  0]LogConfig: Setting CVar [[r.ShadowQuality:5]]
[2020.11.04-00.33.14:869][  0]LogConfig: Setting CVar [[r.Shadow.CSM.MaxCascades:10]]
[2020.11.04-00.33.14:869][  0]LogConfig: Setting CVar [[r.Shadow.MaxResolution:2048]]
[2020.11.04-00.33.14:869][  0]LogConfig: Setting CVar [[r.Shadow.MaxCSMResolution:2048]]
[2020.11.04-00.33.14:869][  0]LogConfig: Setting CVar [[r.Shadow.RadiusThreshold:0.01]]
[2020.11.04-00.33.14:869][  0]LogConfig: Setting CVar [[r.Shadow.DistanceScale:1.0]]
[2020.11.04-00.33.14:869][  0]LogConfig: Setting CVar [[r.Shadow.CSM.TransitionScale:1.0]]
[2020.11.04-00.33.14:869][  0]LogConfig: Setting CVar [[r.Shadow.PreShadowResolutionFactor:1.0]]
[2020.11.04-00.33.14:869][  0]LogConfig: Setting CVar [[r.DistanceFieldShadowing:1]]
[2020.11.04-00.33.14:869][  0]LogConfig: Setting CVar [[r.DistanceFieldAO:1]]
[2020.11.04-00.33.14:869][  0]LogConfig: Setting CVar [[r.AOQuality:2]]
[2020.11.04-00.33.14:869][  0]LogConfig: Setting CVar [[r.VolumetricFog:1]]
[2020.11.04-00.33.14:869][  0]LogConfig: Setting CVar [[r.VolumetricFog.GridPixelSize:8]]
[2020.11.04-00.33.14:869][  0]LogConfig: Setting CVar [[r.VolumetricFog.GridSizeZ:128]]
[2020.11.04-00.33.14:869][  0]LogConfig: Setting CVar [[r.VolumetricFog.HistoryMissSupersampleCount:4]]
[2020.11.04-00.33.14:869][  0]LogConfig: Setting CVar [[r.LightMaxDrawDistanceScale:1]]
[2020.11.04-00.33.14:869][  0]LogConfig: Setting CVar [[r.CapsuleShadows:1]]
[2020.11.04-00.33.14:869][  0]LogConfig: Applying CVar settings from Section [PostProcessQuality@3] File [C:/Users/Mariah/Documents/GitHub/RobertandDavid/UnrealCollab/Akintar/Saved/Config/Windows/Scalability.ini]
[2020.11.04-00.33.14:869][  0]LogConfig: Setting CVar [[r.MotionBlurQuality:4]]
[2020.11.04-00.33.14:869][  0]LogConfig: Setting CVar [[r.AmbientOcclusionMipLevelFactor:0.4]]
[2020.11.04-00.33.14:869][  0]LogConfig: Setting CVar [[r.AmbientOcclusionMaxQuality:100]]
[2020.11.04-00.33.14:869][  0]LogConfig: Setting CVar [[r.AmbientOcclusionLevels:-1]]
[2020.11.04-00.33.14:869][  0]LogConfig: Setting CVar [[r.AmbientOcclusionRadiusScale:1.0]]
[2020.11.04-00.33.14:869][  0]LogConfig: Setting CVar [[r.DepthOfFieldQuality:2]]
[2020.11.04-00.33.14:869][  0]LogConfig: Setting CVar [[r.RenderTargetPoolMin:400]]
[2020.11.04-00.33.14:869][  0]LogConfig: Setting CVar [[r.LensFlareQuality:2]]
[2020.11.04-00.33.14:869][  0]LogConfig: Setting CVar [[r.SceneColorFringeQuality:1]]
[2020.11.04-00.33.14:869][  0]LogConfig: Setting CVar [[r.EyeAdaptationQuality:2]]
[2020.11.04-00.33.14:869][  0]LogConfig: Setting CVar [[r.BloomQuality:5]]
[2020.11.04-00.33.14:869][  0]LogConfig: Setting CVar [[r.FastBlurThreshold:100]]
[2020.11.04-00.33.14:869][  0]LogConfig: Setting CVar [[r.Upscale.Quality:3]]
[2020.11.04-00.33.14:869][  0]LogConfig: Setting CVar [[r.Tonemapper.GrainQuantization:1]]
[2020.11.04-00.33.14:869][  0]LogConfig: Setting CVar [[r.LightShaftQuality:1]]
[2020.11.04-00.33.14:869][  0]LogConfig: Setting CVar [[r.Filter.SizeScale:1]]
[2020.11.04-00.33.14:869][  0]LogConfig: Setting CVar [[r.Tonemapper.Quality:5]]
[2020.11.04-00.33.14:869][  0]LogConfig: Setting CVar [[r.DOF.Gather.AccumulatorQuality:1        ; higher gathering accumulator quality]]
[2020.11.04-00.33.14:869][  0]LogConfig: Setting CVar [[r.DOF.Gather.PostfilterMethod:1          ; Median3x3 postfilering method]]
[2020.11.04-00.33.14:869][  0]LogConfig: Setting CVar [[r.DOF.Gather.EnableBokehSettings:0       ; no bokeh simulation when gathering]]
[2020.11.04-00.33.14:869][  0]LogConfig: Setting CVar [[r.DOF.Gather.RingCount:4                 ; medium number of samples when gathering]]
[2020.11.04-00.33.14:869][  0]LogConfig: Setting CVar [[r.DOF.Scatter.ForegroundCompositing:1    ; additive foreground scattering]]
[2020.11.04-00.33.14:869][  0]LogConfig: Setting CVar [[r.DOF.Scatter.BackgroundCompositing:2    ; additive background scattering]]
[2020.11.04-00.33.14:869][  0]LogConfig: Setting CVar [[r.DOF.Scatter.EnableBokehSettings:1      ; bokeh simulation when scattering]]
[2020.11.04-00.33.14:869][  0]LogConfig: Setting CVar [[r.DOF.Scatter.MaxSpriteRatio:0.1         ; only a maximum of 10% of scattered bokeh]]
[2020.11.04-00.33.14:869][  0]LogConfig: Setting CVar [[r.DOF.Recombine.Quality:1                ; cheap slight out of focus]]
[2020.11.04-00.33.14:869][  0]LogConfig: Setting CVar [[r.DOF.Recombine.EnableBokehSettings:0    ; no bokeh simulation on slight out of focus]]
[2020.11.04-00.33.14:869][  0]LogConfig: Setting CVar [[r.DOF.TemporalAAQuality:1                ; more stable temporal accumulation]]
[2020.11.04-00.33.14:869][  0]LogConfig: Setting CVar [[r.DOF.Kernel.MaxForegroundRadius:0.025]]
[2020.11.04-00.33.14:869][  0]LogConfig: Setting CVar [[r.DOF.Kernel.MaxBackgroundRadius:0.025]]
[2020.11.04-00.33.14:869][  0]LogConfig: Applying CVar settings from Section [TextureQuality@3] File [C:/Users/Mariah/Documents/GitHub/RobertandDavid/UnrealCollab/Akintar/Saved/Config/Windows/Scalability.ini]
[2020.11.04-00.33.14:869][  0]LogConfig: Setting CVar [[r.Streaming.MipBias:0]]
[2020.11.04-00.33.14:869][  0]LogConfig: Setting CVar [[r.Streaming.AmortizeCPUToGPUCopy:0]]
[2020.11.04-00.33.14:869][  0]LogConfig: Setting CVar [[r.Streaming.MaxNumTexturesToStreamPerFrame:0]]
[2020.11.04-00.33.14:869][  0]LogConfig: Setting CVar [[r.Streaming.Boost:1]]
[2020.11.04-00.33.14:869][  0]LogConfig: Setting CVar [[r.MaxAnisotropy:8]]
[2020.11.04-00.33.14:869][  0]LogConfig: Setting CVar [[r.VT.MaxAnisotropy:8]]
[2020.11.04-00.33.14:869][  0]LogConfig: Setting CVar [[r.Streaming.LimitPoolSizeToVRAM:0]]
[2020.11.04-00.33.14:869][  0]LogConfig: Setting CVar [[r.Streaming.PoolSize:1000]]
[2020.11.04-00.33.14:869][  0]LogConfig: Setting CVar [[r.Streaming.MaxEffectiveScreenSize:0]]
[2020.11.04-00.33.14:869][  0]LogConfig: Applying CVar settings from Section [EffectsQuality@3] File [C:/Users/Mariah/Documents/GitHub/RobertandDavid/UnrealCollab/Akintar/Saved/Config/Windows/Scalability.ini]
[2020.11.04-00.33.14:869][  0]LogConfig: Setting CVar [[r.TranslucencyLightingVolumeDim:64]]
[2020.11.04-00.33.14:869][  0]LogConfig: Setting CVar [[r.RefractionQuality:2]]
[2020.11.04-00.33.14:869][  0]LogConfig: Setting CVar [[r.SSR.Quality:3]]
[2020.11.04-00.33.14:869][  0]LogConfig: Setting CVar [[r.SSR.HalfResSceneColor:0]]
[2020.11.04-00.33.14:870][  0]LogConfig: Setting CVar [[r.SceneColorFormat:4]]
[2020.11.04-00.33.14:870][  0]LogConfig: Setting CVar [[r.DetailMode:2]]
[2020.11.04-00.33.14:870][  0]LogConfig: Setting CVar [[r.TranslucencyVolumeBlur:1]]
[2020.11.04-00.33.14:870][  0]LogConfig: Setting CVar [[r.MaterialQualityLevel:1 ; High quality]]
[2020.11.04-00.33.14:870][  0]LogConfig: Setting CVar [[r.SSS.Scale:1]]
[2020.11.04-00.33.14:870][  0]LogConfig: Setting CVar [[r.SSS.SampleSet:2]]
[2020.11.04-00.33.14:870][  0]LogConfig: Setting CVar [[r.SSS.Quality:1]]
[2020.11.04-00.33.14:870][  0]LogConfig: Setting CVar [[r.SSS.HalfRes:0]]
[2020.11.04-00.33.14:870][  0]LogConfig: Setting CVar [[r.SSGI.Quality:3]]
[2020.11.04-00.33.14:870][  0]LogConfig: Setting CVar [[r.EmitterSpawnRateScale:1.0]]
[2020.11.04-00.33.14:870][  0]LogConfig: Setting CVar [[r.ParticleLightQuality:2]]
[2020.11.04-00.33.14:870][  0]LogConfig: Setting CVar [[r.SkyAtmosphere.AerialPerspectiveLUT.FastApplyOnOpaque:1 ; Always have FastSkyLUT 1 in this case to avoid wrong sky]]
[2020.11.04-00.33.14:870][  0]LogConfig: Setting CVar [[r.SkyAtmosphere.AerialPerspectiveLUT.SampleCountPerSlice:1]]
[2020.11.04-00.33.14:870][  0]LogConfig: Setting CVar [[r.SkyAtmosphere.AerialPerspectiveLUT.DepthResolution:16.0]]
[2020.11.04-00.33.14:870][  0]LogConfig: Setting CVar [[r.SkyAtmosphere.FastSkyLUT:1]]
[2020.11.04-00.33.14:870][  0]LogConfig: Setting CVar [[r.SkyAtmosphere.FastSkyLUT.SampleCountMin:4.0]]
[2020.11.04-00.33.14:870][  0]LogConfig: Setting CVar [[r.SkyAtmosphere.FastSkyLUT.SampleCountMax:32.0]]
[2020.11.04-00.33.14:870][  0]LogConfig: Setting CVar [[r.SkyAtmosphere.SampleCountMin:4.0]]
[2020.11.04-00.33.14:870][  0]LogConfig: Setting CVar [[r.SkyAtmosphere.SampleCountMax:32.0]]
[2020.11.04-00.33.14:870][  0]LogConfig: Setting CVar [[r.SkyAtmosphere.TransmittanceLUT.UseSmallFormat:0]]
[2020.11.04-00.33.14:870][  0]LogConfig: Setting CVar [[r.SkyAtmosphere.TransmittanceLUT.SampleCount:10.0]]
[2020.11.04-00.33.14:870][  0]LogConfig: Setting CVar [[r.SkyAtmosphere.MultiScatteringLUT.SampleCount:15.0]]
[2020.11.04-00.33.14:870][  0]LogConfig: Applying CVar settings from Section [FoliageQuality@3] File [C:/Users/Mariah/Documents/GitHub/RobertandDavid/UnrealCollab/Akintar/Saved/Config/Windows/Scalability.ini]
[2020.11.04-00.33.14:870][  0]LogConfig: Setting CVar [[foliage.DensityScale:1.0]]
[2020.11.04-00.33.14:870][  0]LogConfig: Setting CVar [[grass.DensityScale:1.0]]
[2020.11.04-00.33.14:870][  0]LogConfig: Applying CVar settings from Section [ShadingQuality@3] File [C:/Users/Mariah/Documents/GitHub/RobertandDavid/UnrealCollab/Akintar/Saved/Config/Windows/Scalability.ini]
[2020.11.04-00.33.14:870][  0]LogConfig: Setting CVar [[r.HairStrands.SkyLighting.SampleCount:16]]
[2020.11.04-00.33.14:870][  0]LogConfig: Setting CVar [[r.HairStrands.SkyLighting.JitterIntegration:0]]
[2020.11.04-00.33.14:870][  0]LogConfig: Setting CVar [[r.HairStrands.SkyAO.SampleCount:16]]
[2020.11.04-00.33.14:870][  0]LogConfig: Setting CVar [[r.HairStrands.DeepShadow.SuperSampling:0]]
[2020.11.04-00.33.14:870][  0]LogConfig: Setting CVar [[r.HairStrands.VisibilityPPLL:0]]
[2020.11.04-00.33.14:870][  0]LogConfig: Setting CVar [[r.HairStrands.RasterizationScale:0.5]]
[2020.11.04-00.33.14:870][  0]LogConfig: Setting CVar [[r.HairStrands.VelocityRasterizationScale:1]]
[2020.11.04-00.33.14:870][  0]LogConfig: Applying CVar settings from Section [Startup] File [../../../Engine/Config/ConsoleVariables.ini]
[2020.11.04-00.33.14:870][  0]LogConfig: Setting CVar [[net.UseAdaptiveNetUpdateFrequency:0]]
[2020.11.04-00.33.14:870][  0]LogConfig: Setting CVar [[p.chaos.AllowCreatePhysxBodies:1]]
[2020.11.04-00.33.14:870][  0]LogConfig: Setting CVar [[fx.SkipVectorVMBackendOptimizations:1]]
[2020.11.04-00.33.14:870][  0]LogConfig: Applying CVar settings from Section [ConsoleVariables] File [C:/Users/Mariah/Documents/GitHub/RobertandDavid/UnrealCollab/Akintar/Saved/Config/Windows/Engine.ini]
[2020.11.04-00.33.14:870][  0]LogInit: Computer: DESKTOP-FMJJ6JI
[2020.11.04-00.33.14:870][  0]LogInit: User: Mariah
[2020.11.04-00.33.14:870][  0]LogInit: CPU Page size=4096, Cores=6
[2020.11.04-00.33.14:870][  0]LogInit: High frequency timer resolution =10.000000 MHz
[2020.11.04-00.33.14:870][  0]LogMemory: Memory total: Physical=15.9GB (16GB approx)
[2020.11.04-00.33.14:870][  0]LogMemory: Platform Memory Stats for Windows
[2020.11.04-00.33.14:870][  0]LogMemory: Process Physical Memory: 116.87 MB used, 116.88 MB peak
[2020.11.04-00.33.14:870][  0]LogMemory: Process Virtual Memory: 102.82 MB used, 102.82 MB peak
[2020.11.04-00.33.14:870][  0]LogMemory: Physical Memory: 5710.03 MB used,  10532.84 MB free, 16242.87 MB total
[2020.11.04-00.33.14:870][  0]LogMemory: Virtual Memory: 5176.89 MB used,  134212552.00 MB free, 134217728.00 MB total
[2020.11.04-00.33.14:873][  0]LogWindows: WindowsPlatformFeatures enabled
[2020.11.04-00.33.14:911][  0]LogInit: Physics initialised using underlying interface: PhysX
[2020.11.04-00.33.14:912][  0]LogInit: Using OS detected language (en-US).
[2020.11.04-00.33.14:912][  0]LogInit: Using OS detected locale (en-CA).
[2020.11.04-00.33.14:914][  0]LogTextLocalizationManager: No specific localization for 'en-US' exists, so the 'en' localization will be used.
[2020.11.04-00.33.15:062][  0]LogInit: Setting process to per monitor DPI aware
[2020.11.04-00.33.15:092][  0]LogSlate: New Slate User Created.  User Index 0, Is Virtual User: 0
[2020.11.04-00.33.15:092][  0]LogSlate: Slate User Registered.  User Index 0, Is Virtual User: 0
[2020.11.04-00.33.15:199][  0]LogHMD: Failed to initialize OpenVR with code 110
[2020.11.04-00.33.15:199][  0]LogD3D11RHI: D3D11 min allowed feature level: 11_0
[2020.11.04-00.33.15:199][  0]LogD3D11RHI: D3D11 max allowed feature level: 11_0
[2020.11.04-00.33.15:199][  0]LogD3D11RHI: D3D11 adapters:
[2020.11.04-00.33.15:299][  0]LogD3D11RHI:    0. 'NVIDIA GeForce GTX 1070' (Feature Level 11_0)
[2020.11.04-00.33.15:299][  0]LogD3D11RHI:       8081/0/8121 MB DedicatedVideo/DedicatedSystem/SharedSystem, Outputs:1, VendorId:0x10de
[2020.11.04-00.33.15:331][  0]LogD3D11RHI:    1. 'Intel(R) UHD Graphics 630' (Feature Level 11_0)
[2020.11.04-00.33.15:331][  0]LogD3D11RHI:       128/0/8121 MB DedicatedVideo/DedicatedSystem/SharedSystem, Outputs:0, VendorId:0x8086
[2020.11.04-00.33.15:333][  0]LogD3D11RHI:    2. 'Microsoft Basic Render Driver' (Feature Level 11_0)
[2020.11.04-00.33.15:333][  0]LogD3D11RHI:       0/0/8121 MB DedicatedVideo/DedicatedSystem/SharedSystem, Outputs:0, VendorId:0x1414
[2020.11.04-00.33.15:333][  0]LogD3D11RHI: Chosen D3D11 Adapter: 0
[2020.11.04-00.33.15:338][  0]LogD3D11RHI: Creating new Direct3DDevice
[2020.11.04-00.33.15:339][  0]LogD3D11RHI:     GPU DeviceId: 0x1ba1 (for the marketing name, search the web for "GPU Device Id")
[2020.11.04-00.33.15:339][  0]LogWindows: EnumDisplayDevices:
[2020.11.04-00.33.15:339][  0]LogWindows:    0. 'NVIDIA GeForce GTX 1070' (P:1 D:1)
[2020.11.04-00.33.15:339][  0]LogWindows:    1. 'NVIDIA GeForce GTX 1070' (P:0 D:0)
[2020.11.04-00.33.15:339][  0]LogWindows:    2. 'NVIDIA GeForce GTX 1070' (P:0 D:0)
[2020.11.04-00.33.15:339][  0]LogWindows:    3. 'NVIDIA GeForce GTX 1070' (P:0 D:0)
[2020.11.04-00.33.15:340][  0]LogWindows:    4. 'Intel(R) UHD Graphics 630' (P:0 D:0)
[2020.11.04-00.33.15:340][  0]LogWindows:    5. 'Intel(R) UHD Graphics 630' (P:0 D:0)
[2020.11.04-00.33.15:340][  0]LogWindows:    6. 'Intel(R) UHD Graphics 630' (P:0 D:0)
[2020.11.04-00.33.15:340][  0]LogWindows: DebugString: PrimaryIsNotTheChoosenAdapter PrimaryIsNotTheChoosenAdapter PrimaryIsNotTheChoosenAdapter FoundDriverCount:4 
[2020.11.04-00.33.15:340][  0]LogD3D11RHI:     Adapter Name: NVIDIA GeForce GTX 1070
[2020.11.04-00.33.15:340][  0]LogD3D11RHI:   Driver Version: 456.55 (internal:27.21.14.5655, unified:456.55)
[2020.11.04-00.33.15:340][  0]LogD3D11RHI:      Driver Date: 9-24-2020
[2020.11.04-00.33.15:340][  0]LogRHI: Texture pool is 5656 MB (70% of 8081 MB)
[2020.11.04-00.33.15:394][  0]LogD3D11RHI: RHI has support for 64 bit atomics
[2020.11.04-00.33.15:395][  0]LogD3D11RHI: [Aftermath] Enabled and primed
[2020.11.04-00.33.15:395][  0]LogD3D11RHI: Async texture creation enabled
[2020.11.04-00.33.15:395][  0]LogD3D11RHI: Array index from any shader is supported
[2020.11.04-00.33.15:632][  0]LogTargetPlatformManager: Display: Loaded TargetPlatform 'AllDesktop'
[2020.11.04-00.33.15:652][  0]LogTargetPlatformManager: Display: Loaded TargetPlatform 'Android'
[2020.11.04-00.33.15:652][  0]LogTargetPlatformManager: Display: Loaded TargetPlatform 'Android_ASTC'
[2020.11.04-00.33.15:652][  0]LogTargetPlatformManager: Display: Loaded TargetPlatform 'Android_DXT'
[2020.11.04-00.33.15:652][  0]LogTargetPlatformManager: Display: Loaded TargetPlatform 'Android_ETC2'
[2020.11.04-00.33.15:652][  0]LogTargetPlatformManager: Display: Loaded TargetPlatform 'AndroidClient'
[2020.11.04-00.33.15:652][  0]LogTargetPlatformManager: Display: Loaded TargetPlatform 'Android_ASTCClient'
[2020.11.04-00.33.15:652][  0]LogTargetPlatformManager: Display: Loaded TargetPlatform 'Android_DXTClient'
[2020.11.04-00.33.15:652][  0]LogTargetPlatformManager: Display: Loaded TargetPlatform 'Android_ETC2Client'
[2020.11.04-00.33.15:652][  0]LogTargetPlatformManager: Display: Loaded TargetPlatform 'Android_Multi'
[2020.11.04-00.33.15:652][  0]LogTargetPlatformManager: Display: Loaded TargetPlatform 'Android_MultiClient'
[2020.11.04-00.33.15:672][  0]LogTargetPlatformManager: Display: Loaded TargetPlatform 'IOSClient'
[2020.11.04-00.33.15:672][  0]LogTargetPlatformManager: Display: Loaded TargetPlatform 'IOS'
[2020.11.04-00.33.15:682][  0]LogTargetPlatformManager: Display: Loaded TargetPlatform 'Linux'
[2020.11.04-00.33.15:690][  0]LogTargetPlatformManager: Display: Loaded TargetPlatform 'LinuxNoEditor'
[2020.11.04-00.33.15:698][  0]LogTargetPlatformManager: Display: Loaded TargetPlatform 'LinuxClient'
[2020.11.04-00.33.15:706][  0]LogTargetPlatformManager: Display: Loaded TargetPlatform 'LinuxServer'
[2020.11.04-00.33.15:717][  0]LogTargetPlatformManager: Display: Loaded TargetPlatform 'LinuxAArch64NoEditor'
[2020.11.04-00.33.15:725][  0]LogTargetPlatformManager: Display: Loaded TargetPlatform 'LinuxAArch64Client'
[2020.11.04-00.33.15:733][  0]LogTargetPlatformManager: Display: Loaded TargetPlatform 'LinuxAArch64Server'
[2020.11.04-00.33.15:757][  0]LogTargetPlatformManager: Display: Loaded TargetPlatform 'Lumin'
[2020.11.04-00.33.15:757][  0]LogTargetPlatformManager: Display: Loaded TargetPlatform 'LuminClient'
[2020.11.04-00.33.15:771][  0]LogTargetPlatformManager: Display: Loaded TargetPlatform 'TVOSClient'
[2020.11.04-00.33.15:771][  0]LogTargetPlatformManager: Display: Loaded TargetPlatform 'TVOS'
[2020.11.04-00.33.15:779][  0]LogTargetPlatformManager: Display: Loaded TargetPlatform 'WindowsNoEditor'
[2020.11.04-00.33.15:787][  0]LogTargetPlatformManager: Display: Loaded TargetPlatform 'Windows'
[2020.11.04-00.33.15:795][  0]LogTargetPlatformManager: Display: Loaded TargetPlatform 'WindowsClient'
[2020.11.04-00.33.15:803][  0]LogTargetPlatformManager: Display: Loaded TargetPlatform 'WindowsServer'
[2020.11.04-00.33.15:803][  0]LogTargetPlatformManager: Display: Building Assets For Windows
[2020.11.04-00.33.15:809][  0]LogAudioDebug: Display: Lib vorbis DLL was dynamically loaded.
[2020.11.04-00.33.15:862][  0]LogD3D11RHI: GPU Timing Frequency: 1000.000000 (Debug: 2 1)
[2020.11.04-00.33.15:864][  0]LogShaderCompilers: Guid format shader working directory is -37 characters bigger than the processId version (../../../../../../Users/Mariah/Documents/GitHub/RobertandDavid/UnrealCollab/Akintar/Intermediate/Shaders/WorkingDirectory/19028/).
[2020.11.04-00.33.15:864][  0]LogShaderCompilers: Cleaned the shader compiler working directory 'C:/Users/Mariah/AppData/Local/Temp/UnrealShaderWorkingDir/957C9EDA46353B96B256BC931D9D5F0A/'.
[2020.11.04-00.33.15:866][  0]LogXGEController: Cannot use XGE Controller as Incredibuild is not installed on this machine.
[2020.11.04-00.33.15:866][  0]LogShaderCompilers: Cannot use XGE Shader Compiler as Incredibuild is not installed on this machine.
[2020.11.04-00.33.15:866][  0]LogShaderCompilers: Display: Using Local Shader Compiler.
[2020.11.04-00.33.16:529][  0]LogDerivedDataCache: Display: Max Cache Size: 512 MB
[2020.11.04-00.33.16:587][  0]LogDerivedDataCache: Loaded boot cache 0.06s 94MB C:/Users/Mariah/AppData/Local/UnrealEngine/4.25/DerivedDataCache/Boot.ddc.
[2020.11.04-00.33.16:587][  0]LogDerivedDataCache: Display: Loaded Boot cache: C:/Users/Mariah/AppData/Local/UnrealEngine/4.25/DerivedDataCache/Boot.ddc
[2020.11.04-00.33.16:587][  0]LogDerivedDataCache: FDerivedDataBackendGraph:  Pak pak cache file ../../../../../../Users/Mariah/Documents/GitHub/RobertandDavid/UnrealCollab/Akintar/DerivedDataCache/DDC.ddp not found, will not use a pak cache.
[2020.11.04-00.33.16:588][  0]LogDerivedDataCache: Unable to find inner node Pak for hierarchical cache Hierarchy.
[2020.11.04-00.33.16:588][  0]LogDerivedDataCache: FDerivedDataBackendGraph:  CompressedPak pak cache file ../../../../../../Users/Mariah/Documents/GitHub/RobertandDavid/UnrealCollab/Akintar/DerivedDataCache/Compressed.ddp not found, will not use a pak cache.
[2020.11.04-00.33.16:588][  0]LogDerivedDataCache: Unable to find inner node CompressedPak for hierarchical cache Hierarchy.
[2020.11.04-00.33.16:597][  0]LogDerivedDataCache: Display: Pak cache opened for reading ../../../Engine/DerivedDataCache/Compressed.ddp.
[2020.11.04-00.33.16:597][  0]LogDerivedDataCache: FDerivedDataBackendGraph:  EnterprisePak pak cache file ../../../Enterprise/DerivedDataCache/Compressed.ddp not found, will not use a pak cache.
[2020.11.04-00.33.16:597][  0]LogDerivedDataCache: Unable to find inner node EnterprisePak for hierarchical cache Hierarchy.
[2020.11.04-00.33.16:598][  0]LogDerivedDataCache: Using Local data cache path C:/Users/Mariah/AppData/Local/UnrealEngine/Common/DerivedDataCache: Writable
[2020.11.04-00.33.16:598][  0]LogDerivedDataCache: Shared data cache path not found in *engine.ini, will not use an Shared cache.
[2020.11.04-00.33.16:598][  0]LogDerivedDataCache: Unable to find inner node Shared for hierarchical cache Hierarchy.
[2020.11.04-00.33.16:645][  0]LogSlate: Using FreeType 2.10.0
[2020.11.04-00.33.16:646][  0]LogSlate: SlateFontServices - WITH_FREETYPE: 1, WITH_HARFBUZZ: 1
[2020.11.04-00.33.16:669][  0]LogAssetRegistry: FAssetRegistry took 0.0022 seconds to start up
[2020.11.04-00.33.16:866][  0]LogInit: Selected Device Profile: [Windows]
[2020.11.04-00.33.16:962][  0]LogMeshReduction: Using QuadricMeshReduction for automatic static mesh reduction
[2020.11.04-00.33.16:962][  0]LogMeshReduction: Using SimplygonMeshReduction for automatic skeletal mesh reduction
[2020.11.04-00.33.16:962][  0]LogMeshReduction: Using ProxyLODMeshReduction for automatic mesh merging
[2020.11.04-00.33.16:962][  0]LogMeshReduction: No distributed automatic mesh merging module available
[2020.11.04-00.33.16:962][  0]LogMeshMerging: No distributed automatic mesh merging module available
[2020.11.04-00.33.16:975][  0]LogNetVersion: Akintar 1.0.0, NetCL: 13144385, EngineNetVer: 14, GameNetVer: 0 (Checksum: 3900213013)
[2020.11.04-00.33.17:349][  0]LogAISub: UAISubsystem::UAISubsystem AISubsystem (0000019AA0395BC0), frame # 0
[2020.11.04-00.33.17:349][  0]LogAISub: UAISubsystem::UAISubsystem AIPerceptionSystem (0000019AA02E7740), frame # 0
[2020.11.04-00.33.17:350][  0]LogAISub: UAISubsystem::UAISubsystem EnvQueryManager (0000019AA033A000), frame # 0
[2020.11.04-00.33.17:404][  0]LogPackageLocalizationCache: Processed 23 localized package path(s) for 1 prioritized culture(s) in 0.048966 seconds
[2020.11.04-00.33.17:408][  0]LogUObjectArray: 15917 objects as part of root set at end of initial load.
[2020.11.04-00.33.17:408][  0]LogUObjectAllocator: 3965568 out of 0 bytes used by permanent object pool.
[2020.11.04-00.33.17:408][  0]LogUObjectArray: CloseDisregardForGC: 0/0 objects in disregard for GC pool
[2020.11.04-00.33.17:596][  0]LogPython: Using Python 2.7.14
[2020.11.04-00.33.18:348][  0]LogSubstanceCoreModule: Substance [CPU] Engine Loaded, Max Texture Size = 2048
[2020.11.04-00.33.18:360][  0]LogTcpMessaging: Initializing TcpMessaging bridge
[2020.11.04-00.33.18:363][  0]LogUdpMessaging: Initializing bridge on interface 0.0.0.0:0 to multicast group 230.0.0.1:6666.
[2020.11.04-00.33.18:476][  0]SourceControl: Source control is disabled
[2020.11.04-00.33.18:476][  0]SourceControl: Source control is disabled
[2020.11.04-00.33.18:479][  0]SourceControl: Source control is disabled
[2020.11.04-00.33.18:481][  0]SourceControl: Source control is disabled
[2020.11.04-00.33.18:486][  0]SourceControl: Source control is disabled
[2020.11.04-00.33.18:738][  0]LogAndroidPermission: UAndroidPermissionCallbackProxy::GetInstance
[2020.11.04-00.33.18:765][  0]LogAudioCaptureCore: Display: No Audio Capture implementations found. Audio input will be silent.
[2020.11.04-00.33.18:765][  0]LogAudioCaptureCore: Display: No Audio Capture implementations found. Audio input will be silent.
[2020.11.04-00.33.18:827][  0]LogOcInput: OculusInput pre-init called
[2020.11.04-00.33.18:836][  0]LogWindows: Failed to load 'OVRPlugin.dll' (GetLastError=126)
[2020.11.04-00.33.18:836][  0]LogWindows: File 'OVRPlugin.dll' does not exist
[2020.11.04-00.33.19:354][  0]LogEngine: Initializing Engine...
[2020.11.04-00.33.19:355][  0]LogHMD: Failed to initialize OpenVR with code 110
[2020.11.04-00.33.19:355][  0]LogMagicLeap: Warning: VR disabled because ZI is not enabled.  To enable, in the editor, Edit -> Project Settings -> Plugins -> Magic Leap Plugin -> Enable Zero Iteration
[2020.11.04-00.33.19:355][  0]LogStats: UGameplayTagsManager::InitializeManager -  0.000 s
[2020.11.04-00.33.19:461][  0]LogInit: Initializing FReadOnlyCVARCache
[2020.11.04-00.33.19:470][  0]LogAIModule: Creating AISystem for world Untitled
[2020.11.04-00.33.19:470][  0]LogAISub: UAISubsystem::UAISubsystem EnvQueryManager (0000019AAC3A7C00), frame # 0
[2020.11.04-00.33.19:470][  0]LogAISub: UAISubsystem::UAISubsystem AIPerceptionSystem (0000019AAC3B3600), frame # 0
[2020.11.04-00.33.19:487][  0]LogAudioMixer: Display: Audio Mixer Platform Settings:
[2020.11.04-00.33.19:487][  0]LogAudioMixer: Display: 	Sample Rate:						  48000
[2020.11.04-00.33.19:487][  0]LogAudioMixer: Display: 	Callback Buffer Frame Size Requested: 1024
[2020.11.04-00.33.19:487][  0]LogAudioMixer: Display: 	Callback Buffer Frame Size To Use:	  1024
[2020.11.04-00.33.19:487][  0]LogAudioMixer: Display: 	Number of buffers to queue:			  2
[2020.11.04-00.33.19:487][  0]LogAudioMixer: Display: 	Max Channels (voices):				  32
[2020.11.04-00.33.19:488][  0]LogAudioMixer: Display: 	Number of Async Source Workers:		  0
[2020.11.04-00.33.19:488][  0]LogAudio: Display: AudioDevice MaxSources: 32
[2020.11.04-00.33.19:488][  0]LogAudio: Display: Using built-in audio occlusion.
[2020.11.04-00.33.19:488][  0]LogAudioMixer: Display: Initializing audio mixer.
[2020.11.04-00.33.19:501][  0]LogAudioMixer: Display: 0: FrontLeft
[2020.11.04-00.33.19:501][  0]LogAudioMixer: Display: 1: FrontRight
[2020.11.04-00.33.19:701][  0]LogAudioMixer: Display: Using Audio Device Speakers/Headphones (Realtek(R) Audio)
[2020.11.04-00.33.19:702][  0]LogAudioMixer: Display: Initializing Sound Submixes...
[2020.11.04-00.33.19:704][  0]LogAudioMixer: Display: Creating Master Submix 'MasterSubmixDefault'
[2020.11.04-00.33.19:704][  0]LogAudioMixer: Display: Creating Master Submix 'MasterReverbSubmixDefault'
[2020.11.04-00.33.19:705][  0]LogAudioMixer: Display: Creating Master Submix 'MasterEQSubmixDefault'
[2020.11.04-00.33.19:705][  0]LogInit: FAudioDevice initialized.
[2020.11.04-00.33.19:706][  0]LogNetVersion: Set ProjectVersion to 1.0.0.0. Version Checksum will be recalculated on next use.
[2020.11.04-00.33.19:787][  0]LogDerivedDataCache: Saved boot cache 0.08s 94MB C:/Users/Mariah/AppData/Local/UnrealEngine/4.25/DerivedDataCache/Boot.ddc.
[2020.11.04-00.33.19:791][  0]LogInit: Texture streaming: Enabled
[2020.11.04-00.33.19:806][  0]LogEngineSessionManager: EngineSessionManager initialized
[2020.11.04-00.33.19:806][  0]LogEditorSessionSummary: Verbose: Initializing EditorSessionSummaryWriter for editor session tracking
[2020.11.04-00.33.19:808][  0]LogEditorSessionSummary: EditorSessionSummaryWriter initialized
[2020.11.04-00.33.19:869][  0]LogInit: Transaction tracking system initialized
[2020.11.04-00.33.19:884][  0]BlueprintLog: New page: Editor Load
[2020.11.04-00.33.19:940][  0]LocalizationService: Localization service is disabled
[2020.11.04-00.33.20:082][  0]LogCook: Display: Max memory allowance for cook 16384mb min free memory 0mb
[2020.11.04-00.33.20:082][  0]LogCook: Display: Mobile HDR setting 1
[2020.11.04-00.33.20:204][  0]LogFileCache: Scanning file cache for directory 'C:/Users/Mariah/Documents/GitHub/RobertandDavid/UnrealCollab/Akintar/Content/' took 0.01s
[2020.11.04-00.33.20:428][  0]SourceControl: Source control is disabled
[2020.11.04-00.33.20:428][  0]LogUnrealEdMisc: Loading editor; pre map load, took 6.880
[2020.11.04-00.33.20:428][  0]Cmd: MAP LOAD FILE="../../../../../../Users/Mariah/Documents/GitHub/RobertandDavid/UnrealCollab/Akintar/Content/Art/Akintar_David.umap" TEMPLATE=0 SHOWPROGRESS=1 FEATURELEVEL=3
[2020.11.04-00.33.20:428][  0]LightingResults: New page: Lighting Build
[2020.11.04-00.33.20:429][  0]LogWorld: UWorld::CleanupWorld for Untitled, bSessionEnded=true, bCleanupResources=true
[2020.11.04-00.33.20:429][  0]LogSlate: InvalidateAllWidgets triggered.  All widgets were invalidated
[2020.11.04-00.33.20:429][  0]MapCheck: New page: Map Check
[2020.11.04-00.33.20:429][  0]LightingResults: New page: Lighting Build
[2020.11.04-00.33.20:440][  0]LogAISub: UAISubsystem::~UAISubsystem EnvQueryManager (0000019AAC3A7C00), frame # 0
[2020.11.04-00.33.20:440][  0]LogAISub: UAISubsystem::~UAISubsystem AIPerceptionSystem (0000019AAC3B3600), frame # 0
[2020.11.04-00.33.20:441][  0]LogUObjectHash: Compacting FUObjectHashTables data took   0.68ms
[2020.11.04-00.33.20:527][  0]LogLinker: Warning: While loading '../../../../../../Users/Mariah/Documents/GitHub/RobertandDavid/UnrealCollab/Akintar/Content/Art/Meshes/RockGroup1/MeshBlend1_Inst3.uasset' failed to load '/Game/Art/RVT_Test/RVT_Land_Test': Can't find file.
[2020.11.04-00.33.20:527][  0]LogLinker: Warning: While loading '../../../../../../Users/Mariah/Documents/GitHub/RobertandDavid/UnrealCollab/Akintar/Content/Art/Meshes/RockGroup1/MeshBlend1_Inst3.uasset' failed to load '/Game/Art/RVT_Test/RVT_Land_Test': Can't find file.
[2020.11.04-00.33.20:527][  0]LogLinker: Warning: While loading '../../../../../../Users/Mariah/Documents/GitHub/RobertandDavid/UnrealCollab/Akintar/Content/Art/Meshes/RockGroup1/MeshBlend1_Inst3.uasset' failed to load '/Game/Art/RVT_Test/RVT_Land_Test_Height': Can't find file.
[2020.11.04-00.33.20:527][  0]LogLinker: Warning: While loading '../../../../../../Users/Mariah/Documents/GitHub/RobertandDavid/UnrealCollab/Akintar/Content/Art/Meshes/RockGroup1/MeshBlend1_Inst3.uasset' failed to load '/Game/Art/RVT_Test/RVT_Land_Test_Height': Can't find file.
[2020.11.04-00.33.20:527][  0]LogLinker: Warning: While loading '../../../../../../Users/Mariah/Documents/GitHub/RobertandDavid/UnrealCollab/Akintar/Content/Art/Meshes/RockGroup1/MeshBlend1_Inst3.uasset' failed to load '/Game/Art/RVT_Test/RVT_Land_Test': Can't find file.
[2020.11.04-00.33.20:527][  0]LogLinker: Warning: While loading '../../../../../../Users/Mariah/Documents/GitHub/RobertandDavid/UnrealCollab/Akintar/Content/Art/Meshes/RockGroup1/MeshBlend1_Inst3.uasset' failed to load '/Game/Art/RVT_Test/RVT_Land_Test': Can't find file.
[2020.11.04-00.33.20:527][  0]LogLinker: Warning: While loading '../../../../../../Users/Mariah/Documents/GitHub/RobertandDavid/UnrealCollab/Akintar/Content/Art/Meshes/RockGroup1/MeshBlend1_Inst3.uasset' failed to load '/Game/Art/RVT_Test/RVT_Land_Test_Height': Can't find file.
[2020.11.04-00.33.20:528][  0]LogLinker: Warning: While loading '../../../../../../Users/Mariah/Documents/GitHub/RobertandDavid/UnrealCollab/Akintar/Content/Art/Meshes/RockGroup1/MeshBlend1_Inst3.uasset' failed to load '/Game/Art/RVT_Test/RVT_Land_Test_Height': Can't find file.
[2020.11.04-00.33.20:532][  0]LogLinker: Warning: While loading '../../../../../../Users/Mariah/Documents/GitHub/RobertandDavid/UnrealCollab/Akintar/Content/Art/Meshes/RockGroup1/MeshBlend1_Inst3_Inst_Inst_Inst_Inst.uasset' failed to load '/Game/Art/RVT_Test/RVT_Land_Test': Can't find file.
[2020.11.04-00.33.20:532][  0]LogLinker: Warning: While loading '../../../../../../Users/Mariah/Documents/GitHub/RobertandDavid/UnrealCollab/Akintar/Content/Art/Meshes/RockGroup1/MeshBlend1_Inst3_Inst_Inst_Inst_Inst.uasset' failed to load '/Game/Art/RVT_Test/RVT_Land_Test': Can't find file.
[2020.11.04-00.33.20:532][  0]LogLinker: Warning: While loading '../../../../../../Users/Mariah/Documents/GitHub/RobertandDavid/UnrealCollab/Akintar/Content/Art/Meshes/RockGroup1/MeshBlend1_Inst3_Inst_Inst_Inst_Inst.uasset' failed to load '/Game/Art/RVT_Test/RVT_Land_Test_Height': Can't find file.
[2020.11.04-00.33.20:532][  0]LogLinker: Warning: While loading '../../../../../../Users/Mariah/Documents/GitHub/RobertandDavid/UnrealCollab/Akintar/Content/Art/Meshes/RockGroup1/MeshBlend1_Inst3_Inst_Inst_Inst_Inst.uasset' failed to load '/Game/Art/RVT_Test/RVT_Land_Test_Height': Can't find file.
[2020.11.04-00.33.20:533][  0]LogLinker: Warning: While loading '../../../../../../Users/Mariah/Documents/GitHub/RobertandDavid/UnrealCollab/Akintar/Content/Art/Meshes/RockGroup1/MeshBlend1_Inst3_Inst_Inst_Inst_Inst.uasset' failed to load '/Game/Art/RVT_Test/RVT_Land_Test': Can't find file.
[2020.11.04-00.33.20:533][  0]LogLinker: Warning: While loading '../../../../../../Users/Mariah/Documents/GitHub/RobertandDavid/UnrealCollab/Akintar/Content/Art/Meshes/RockGroup1/MeshBlend1_Inst3_Inst_Inst_Inst_Inst.uasset' failed to load '/Game/Art/RVT_Test/RVT_Land_Test': Can't find file.
[2020.11.04-00.33.20:533][  0]LogLinker: Warning: While loading '../../../../../../Users/Mariah/Documents/GitHub/RobertandDavid/UnrealCollab/Akintar/Content/Art/Meshes/RockGroup1/MeshBlend1_Inst3_Inst_Inst_Inst_Inst.uasset' failed to load '/Game/Art/RVT_Test/RVT_Land_Test_Height': Can't find file.
[2020.11.04-00.33.20:533][  0]LogLinker: Warning: While loading '../../../../../../Users/Mariah/Documents/GitHub/RobertandDavid/UnrealCollab/Akintar/Content/Art/Meshes/RockGroup1/MeshBlend1_Inst3_Inst_Inst_Inst_Inst.uasset' failed to load '/Game/Art/RVT_Test/RVT_Land_Test_Height': Can't find file.
[2020.11.04-00.33.20:536][  0]LogLinker: Warning: While loading '../../../../../../Users/Mariah/Documents/GitHub/RobertandDavid/UnrealCollab/Akintar/Content/Art/Meshes/RockGroup1/MeshBlend1_Inst3_Inst_Inst_Inst_Inst_Inst_Inst_Inst.uasset' failed to load '/Game/Art/RVT_Test/RVT_Land_Test': Can't find file.
[2020.11.04-00.33.20:536][  0]LogLinker: Warning: While loading '../../../../../../Users/Mariah/Documents/GitHub/RobertandDavid/UnrealCollab/Akintar/Content/Art/Meshes/RockGroup1/MeshBlend1_Inst3_Inst_Inst_Inst_Inst_Inst_Inst_Inst.uasset' failed to load '/Game/Art/RVT_Test/RVT_Land_Test': Can't find file.
[2020.11.04-00.33.20:536][  0]LogLinker: Warning: While loading '../../../../../../Users/Mariah/Documents/GitHub/RobertandDavid/UnrealCollab/Akintar/Content/Art/Meshes/RockGroup1/MeshBlend1_Inst3_Inst_Inst_Inst_Inst_Inst_Inst_Inst.uasset' failed to load '/Game/Art/RVT_Test/RVT_Land_Test_Height': Can't find file.
[2020.11.04-00.33.20:536][  0]LogLinker: Warning: While loading '../../../../../../Users/Mariah/Documents/GitHub/RobertandDavid/UnrealCollab/Akintar/Content/Art/Meshes/RockGroup1/MeshBlend1_Inst3_Inst_Inst_Inst_Inst_Inst_Inst_Inst.uasset' failed to load '/Game/Art/RVT_Test/RVT_Land_Test_Height': Can't find file.
[2020.11.04-00.33.20:537][  0]LogLinker: Warning: While loading '../../../../../../Users/Mariah/Documents/GitHub/RobertandDavid/UnrealCollab/Akintar/Content/Art/Meshes/RockGroup1/MeshBlend1_Inst3_Inst_Inst_Inst_Inst_Inst_Inst_Inst.uasset' failed to load '/Game/Art/RVT_Test/RVT_Land_Test': Can't find file.
[2020.11.04-00.33.20:537][  0]LogLinker: Warning: While loading '../../../../../../Users/Mariah/Documents/GitHub/RobertandDavid/UnrealCollab/Akintar/Content/Art/Meshes/RockGroup1/MeshBlend1_Inst3_Inst_Inst_Inst_Inst_Inst_Inst_Inst.uasset' failed to load '/Game/Art/RVT_Test/RVT_Land_Test': Can't find file.
[2020.11.04-00.33.20:537][  0]LogLinker: Warning: While loading '../../../../../../Users/Mariah/Documents/GitHub/RobertandDavid/UnrealCollab/Akintar/Content/Art/Meshes/RockGroup1/MeshBlend1_Inst3_Inst_Inst_Inst_Inst_Inst_Inst_Inst.uasset' failed to load '/Game/Art/RVT_Test/RVT_Land_Test_Height': Can't find file.
[2020.11.04-00.33.20:537][  0]LogLinker: Warning: While loading '../../../../../../Users/Mariah/Documents/GitHub/RobertandDavid/UnrealCollab/Akintar/Content/Art/Meshes/RockGroup1/MeshBlend1_Inst3_Inst_Inst_Inst_Inst_Inst_Inst_Inst.uasset' failed to load '/Game/Art/RVT_Test/RVT_Land_Test_Height': Can't find file.
[2020.11.04-00.33.21:170][  0]LogLinker: Warning: While loading '../../../../../../Users/Mariah/Documents/GitHub/RobertandDavid/UnrealCollab/Akintar/Content/Art/Meshes/RockGroup1/MeshBlend1_Inst3_Inst_Inst_Inst_Inst_Inst_Inst_Inst.uasset' failed to load '/Game/Art/RVT_Test/RVT_Land_Test_Height': Can't find file.
[2020.11.04-00.33.21:170][  0]LoadErrors: Failed to load /Game/Art/RVT_Test/RVT_Land_Test_Height.RVT_Land_Test_Height Referenced by MeshBlend1_Inst3_Inst_Inst_Inst_Inst_Inst_Inst_Inst
[2020.11.04-00.33.21:171][  0]LogLinker: Warning: While loading '../../../../../../Users/Mariah/Documents/GitHub/RobertandDavid/UnrealCollab/Akintar/Content/Art/Meshes/RockGroup1/MeshBlend1_Inst3_Inst_Inst_Inst_Inst_Inst_Inst_Inst.uasset' failed to load '/Game/Art/RVT_Test/RVT_Land_Test_Height': Can't find file.
[2020.11.04-00.33.21:171][  0]LoadErrors: Failed to load /Game/Art/RVT_Test/RVT_Land_Test_Height.RVT_Land_Test_Height Referenced by MeshBlend1_Inst3_Inst_Inst_Inst_Inst_Inst_Inst_Inst
[2020.11.04-00.33.21:171][  0]LogLinker: Warning: While loading '../../../../../../Users/Mariah/Documents/GitHub/RobertandDavid/UnrealCollab/Akintar/Content/Art/Meshes/RockGroup1/MeshBlend1_Inst3_Inst_Inst_Inst_Inst_Inst_Inst_Inst.uasset' failed to load '/Game/Art/RVT_Test/RVT_Land_Test': Can't find file.
[2020.11.04-00.33.21:171][  0]LoadErrors: Failed to load /Game/Art/RVT_Test/RVT_Land_Test.RVT_Land_Test Referenced by MeshBlend1_Inst3_Inst_Inst_Inst_Inst_Inst_Inst_Inst
[2020.11.04-00.33.21:171][  0]LogLinker: Warning: While loading '../../../../../../Users/Mariah/Documents/GitHub/RobertandDavid/UnrealCollab/Akintar/Content/Art/Meshes/RockGroup1/MeshBlend1_Inst3_Inst_Inst_Inst_Inst_Inst_Inst_Inst.uasset' failed to load '/Game/Art/RVT_Test/RVT_Land_Test': Can't find file.
[2020.11.04-00.33.21:171][  0]LoadErrors: Failed to load /Game/Art/RVT_Test/RVT_Land_Test.RVT_Land_Test Referenced by MeshBlend1_Inst3_Inst_Inst_Inst_Inst_Inst_Inst_Inst
[2020.11.04-00.33.21:171][  0]LogLinker: Warning: While loading '../../../../../../Users/Mariah/Documents/GitHub/RobertandDavid/UnrealCollab/Akintar/Content/Art/Meshes/RockGroup1/MeshBlend1_Inst3_Inst_Inst_Inst_Inst.uasset' failed to load '/Game/Art/RVT_Test/RVT_Land_Test_Height': Can't find file.
[2020.11.04-00.33.21:171][  0]LoadErrors: Failed to load /Game/Art/RVT_Test/RVT_Land_Test_Height.RVT_Land_Test_Height Referenced by MeshBlend1_Inst3_Inst_Inst_Inst_Inst
[2020.11.04-00.33.21:172][  0]LogLinker: Warning: While loading '../../../../../../Users/Mariah/Documents/GitHub/RobertandDavid/UnrealCollab/Akintar/Content/Art/Meshes/RockGroup1/MeshBlend1_Inst3_Inst_Inst_Inst_Inst.uasset' failed to load '/Game/Art/RVT_Test/RVT_Land_Test_Height': Can't find file.
[2020.11.04-00.33.21:172][  0]LoadErrors: Failed to load /Game/Art/RVT_Test/RVT_Land_Test_Height.RVT_Land_Test_Height Referenced by MeshBlend1_Inst3_Inst_Inst_Inst_Inst
[2020.11.04-00.33.21:172][  0]LogLinker: Warning: While loading '../../../../../../Users/Mariah/Documents/GitHub/RobertandDavid/UnrealCollab/Akintar/Content/Art/Meshes/RockGroup1/MeshBlend1_Inst3_Inst_Inst_Inst_Inst.uasset' failed to load '/Game/Art/RVT_Test/RVT_Land_Test': Can't find file.
[2020.11.04-00.33.21:172][  0]LoadErrors: Failed to load /Game/Art/RVT_Test/RVT_Land_Test.RVT_Land_Test Referenced by MeshBlend1_Inst3_Inst_Inst_Inst_Inst
[2020.11.04-00.33.21:172][  0]LogLinker: Warning: While loading '../../../../../../Users/Mariah/Documents/GitHub/RobertandDavid/UnrealCollab/Akintar/Content/Art/Meshes/RockGroup1/MeshBlend1_Inst3_Inst_Inst_Inst_Inst.uasset' failed to load '/Game/Art/RVT_Test/RVT_Land_Test': Can't find file.
[2020.11.04-00.33.21:172][  0]LoadErrors: Failed to load /Game/Art/RVT_Test/RVT_Land_Test.RVT_Land_Test Referenced by MeshBlend1_Inst3_Inst_Inst_Inst_Inst
[2020.11.04-00.33.21:175][  0]LogLinker: Warning: While loading '../../../../../../Users/Mariah/Documents/GitHub/RobertandDavid/UnrealCollab/Akintar/Content/Art/Meshes/RockGroup1/MeshBlend1_Inst3.uasset' failed to load '/Game/Art/RVT_Test/RVT_Land_Test_Height': Can't find file.
[2020.11.04-00.33.21:175][  0]LoadErrors: Failed to load /Game/Art/RVT_Test/RVT_Land_Test_Height.RVT_Land_Test_Height Referenced by MeshBlend1_Inst3
[2020.11.04-00.33.21:175][  0]LogLinker: Warning: While loading '../../../../../../Users/Mariah/Documents/GitHub/RobertandDavid/UnrealCollab/Akintar/Content/Art/Meshes/RockGroup1/MeshBlend1_Inst3.uasset' failed to load '/Game/Art/RVT_Test/RVT_Land_Test_Height': Can't find file.
[2020.11.04-00.33.21:175][  0]LoadErrors: Failed to load /Game/Art/RVT_Test/RVT_Land_Test_Height.RVT_Land_Test_Height Referenced by MeshBlend1_Inst3
[2020.11.04-00.33.21:175][  0]LogLinker: Warning: While loading '../../../../../../Users/Mariah/Documents/GitHub/RobertandDavid/UnrealCollab/Akintar/Content/Art/Meshes/RockGroup1/MeshBlend1_Inst3.uasset' failed to load '/Game/Art/RVT_Test/RVT_Land_Test': Can't find file.
[2020.11.04-00.33.21:175][  0]LoadErrors: Failed to load /Game/Art/RVT_Test/RVT_Land_Test.RVT_Land_Test Referenced by MeshBlend1_Inst3
[2020.11.04-00.33.21:176][  0]LogLinker: Warning: While loading '../../../../../../Users/Mariah/Documents/GitHub/RobertandDavid/UnrealCollab/Akintar/Content/Art/Meshes/RockGroup1/MeshBlend1_Inst3.uasset' failed to load '/Game/Art/RVT_Test/RVT_Land_Test': Can't find file.
[2020.11.04-00.33.21:176][  0]LoadErrors: Failed to load /Game/Art/RVT_Test/RVT_Land_Test.RVT_Land_Test Referenced by MeshBlend1_Inst3
[2020.11.04-00.33.22:736][  0]LogAIModule: Creating AISystem for world Akintar_David
[2020.11.04-00.33.22:736][  0]LogAISub: UAISubsystem::UAISubsystem EnvQueryManager (0000019ADD5CE200), frame # 0
[2020.11.04-00.33.22:736][  0]LogAISub: UAISubsystem::UAISubsystem AIPerceptionSystem (0000019A9A13A340), frame # 0
[2020.11.04-00.33.23:017][  0]LogEditorServer: Finished looking for orphan Actors (0.000 secs)
[2020.11.04-00.33.23:157][  0]LogUObjectHash: Compacting FUObjectHashTables data took   0.91ms
[2020.11.04-00.33.23:158][  0]Cmd: MAP CHECKDEP NOCLEARLOG
[2020.11.04-00.33.23:158][  0]MapCheck: Map check complete: 0 Error(s), 0 Warning(s), took 0.173ms to complete.
[2020.11.04-00.33.23:158][  0]LogFileHelpers: Loading map 'Akintar_David' took 2.730
[2020.11.04-00.33.23:158][  0]LogAssetRegistry: Flushing asset discovery search because of synchronous request, this can take several seconds...
[2020.11.04-00.33.23:180][  0]LogAssetRegistry: Asset discovery search completed in 0.0217 seconds
[2020.11.04-00.33.23:188][  0]LogCollectionManager: Loaded 0 collections in 0.001697 seconds
[2020.11.04-00.33.23:190][  0]LogFileCache: Scanning file cache for directory 'C:/Users/Mariah/Documents/GitHub/RobertandDavid/UnrealCollab/Akintar/Saved/Collections/' took 0.00s
[2020.11.04-00.33.23:190][  0]LogFileCache: Scanning file cache for directory 'C:/Users/Mariah/Documents/GitHub/RobertandDavid/UnrealCollab/Akintar/Content/Developers/Mariah/Collections/' took 0.00s
[2020.11.04-00.33.23:190][  0]LogFileCache: Scanning file cache for directory 'C:/Users/Mariah/Documents/GitHub/RobertandDavid/UnrealCollab/Akintar/Content/Collections/' took 0.00s
[2020.11.04-00.33.23:190][  0]LogCollectionManager: Fixed up redirectors for 0 collections in 0.000003 seconds (updated 0 objects)
[2020.11.04-00.33.23:192][  0]LogUnrealEdMisc: Total Editor Startup Time, took 9.643
[2020.11.04-00.33.23:347][  0]LogSlate: Updating window title bar state: overlay mode, drag disabled, window buttons hidden, title bar hidden
[2020.11.04-00.33.23:354][  0]LogSlate: Updating window title bar state: overlay mode, drag disabled, window buttons hidden, title bar hidden
[2020.11.04-00.33.23:360][  0]LogSlate: Updating window title bar state: overlay mode, drag disabled, window buttons hidden, title bar hidden
[2020.11.04-00.33.23:366][  0]LogSlate: Updating window title bar state: overlay mode, drag disabled, window buttons hidden, title bar hidden
[2020.11.04-00.33.23:380][  0]LogContentBrowser: Native class hierarchy populated in 0.0077 seconds. Added 3456 classes and 834 folders.
[2020.11.04-00.33.23:387][  0]LogContentBrowser: Native class hierarchy updated for 'WidgetCarousel' in 0.0002 seconds. Added 0 classes and 0 folders.
[2020.11.04-00.33.23:597][  0]LogContentBrowser: Native class hierarchy updated for 'AddContentDialog' in 0.0002 seconds. Added 0 classes and 0 folders.
[2020.11.04-00.33.23:598][  0]LogContentBrowser: Native class hierarchy updated for 'SceneOutliner' in 0.0002 seconds. Added 2 classes and 0 folders.
[2020.11.04-00.33.23:882][  0]LogSlate: Took 0.000155 seconds to synchronously load lazily loaded font '../../../Engine/Content/Slate/Fonts/Roboto-Regular.ttf' (155K)
[2020.11.04-00.33.23:884][  0]LogSlate: Took 0.000120 seconds to synchronously load lazily loaded font '../../../Engine/Content/Slate/Fonts/Roboto-Bold.ttf' (160K)
[2020.11.04-00.33.23:894][  0]LogSlate: Took 0.006760 seconds to synchronously load lazily loaded font '../../../Engine/Content/Editor/Slate/Fonts/FontAwesome.ttf' (139K)
[2020.11.04-00.33.24:089][  0]LogRenderer: Reallocating scene render targets to support 1300x532 Format 10 NumSamples 1 (Frame:1).
[2020.11.04-00.33.24:167][  0]LogSlate: Took 0.000113 seconds to synchronously load lazily loaded font '../../../Engine/Content/Slate/Fonts/Roboto-Light.ttf' (167K)
[2020.11.04-00.33.24:228][  0]LogContentBrowser: Native class hierarchy updated for 'HierarchicalLODOutliner' in 0.0002 seconds. Added 0 classes and 0 folders.
[2020.11.04-00.33.24:228][  0]LogLoad: (Engine Initialization) Total time: 10.68 seconds
[2020.11.04-00.33.24:228][  0]LogLoad: (Engine Initialization) Total Blueprint compile time: 0.00 seconds
[2020.11.04-00.33.24:414][  0]LogContentStreaming: Texture pool size now 1000 MB
[2020.11.04-00.33.24:415][  0]LogOutputDevice: Warning: 

Script Stack (0 frames):

[2020.11.04-00.33.25:147][  0]LogStats: FPlatformStackWalk::StackWalkAndDump -  0.733 s
[2020.11.04-00.33.25:147][  0]LogOutputDevice: Error: === Handled ensure: ===
[2020.11.04-00.33.25:147][  0]LogOutputDevice: Error: 
[2020.11.04-00.33.25:147][  0]LogOutputDevice: Error: Ensure condition failed: FMath::IsFinite(TexelFactor) [File:D:\Build\++UE4+Licensee\Sync\Engine\Source\Runtime\Engine\Classes\Engine/TextureStreamingTypes.h] [Line: 96]
[2020.11.04-00.33.25:147][  0]LogOutputDevice: Error: 
[2020.11.04-00.33.25:147][  0]LogOutputDevice: Error: Stack: 
[2020.11.04-00.33.25:147][  0]LogOutputDevice: Error: [Callstack] 0x00007ffc2b4f6278 UE4Editor-Engine.dll!UnknownFunction []
[2020.11.04-00.33.25:147][  0]LogOutputDevice: Error: [Callstack] 0x00007ffc2a078af4 UE4Editor-Engine.dll!UnknownFunction []
[2020.11.04-00.33.25:147][  0]LogOutputDevice: Error: [Callstack] 0x00007ffc2accafc6 UE4Editor-Engine.dll!UnknownFunction []
[2020.11.04-00.33.25:147][  0]LogOutputDevice: Error: [Callstack] 0x00007ffc2ac72f11 UE4Editor-Engine.dll!UnknownFunction []
[2020.11.04-00.33.25:147][  0]LogOutputDevice: Error: [Callstack] 0x00007ffc2ac73694 UE4Editor-Engine.dll!UnknownFunction []
[2020.11.04-00.33.25:147][  0]LogOutputDevice: Error: [Callstack] 0x00007ffc2ac73bf3 UE4Editor-Engine.dll!UnknownFunction []
[2020.11.04-00.33.25:147][  0]LogOutputDevice: Error: [Callstack] 0x00007ffc2ac911ec UE4Editor-Engine.dll!UnknownFunction []
[2020.11.04-00.33.25:147][  0]LogOutputDevice: Error: [Callstack] 0x00007ffc2a1af688 UE4Editor-Engine.dll!UnknownFunction []
[2020.11.04-00.33.25:147][  0]LogOutputDevice: Error: [Callstack] 0x00007ffc2a1ab4af UE4Editor-Engine.dll!UnknownFunction []
[2020.11.04-00.33.25:147][  0]LogOutputDevice: Error: [Callstack] 0x00007ffc2696b7e4 UE4Editor-UnrealEd.dll!UnknownFunction []
[2020.11.04-00.33.25:147][  0]LogOutputDevice: Error: [Callstack] 0x00007ffc27241d06 UE4Editor-UnrealEd.dll!UnknownFunction []
[2020.11.04-00.33.25:147][  0]LogOutputDevice: Error: [Callstack] 0x00007ff6a2f17800 UE4Editor.exe!UnknownFunction []
[2020.11.04-00.33.25:147][  0]LogOutputDevice: Error: [Callstack] 0x00007ff6a2f2ba7c UE4Editor.exe!UnknownFunction []
[2020.11.04-00.33.25:147][  0]LogOutputDevice: Error: [Callstack] 0x00007ff6a2f2bb5a UE4Editor.exe!UnknownFunction []
[2020.11.04-00.33.25:147][  0]LogOutputDevice: Error: [Callstack] 0x00007ff6a2f3e31d UE4Editor.exe!UnknownFunction []
[2020.11.04-00.33.25:147][  0]LogOutputDevice: Error: [Callstack] 0x00007ff6a2f4145a UE4Editor.exe!UnknownFunction []
[2020.11.04-00.33.25:147][  0]LogOutputDevice: Error: [Callstack] 0x00007ffc7fc27034 KERNEL32.DLL!UnknownFunction []
[2020.11.04-00.33.25:147][  0]LogOutputDevice: Error: [Callstack] 0x00007ffc8037cec1 ntdll.dll!UnknownFunction []
[2020.11.04-00.33.25:147][  0]LogOutputDevice: Error: 
[2020.11.04-00.33.25:158][  0]LogStats:                SubmitErrorReport -  0.000 s
[2020.11.04-00.33.27:033][  0]LogStats:                    SendNewReport -  1.874 s
[2020.11.04-00.33.27:033][  0]LogStats:             FDebug::EnsureFailed -  2.618 s
[2020.11.04-00.33.27:137][  0]LogSlate: Took 0.000701 seconds to synchronously load lazily loaded font '../../../Engine/Content/Slate/Fonts/DroidSansMono.ttf' (77K)
[2020.11.04-00.33.27:141][  1]LogSubstanceLiveLink: Warning: Unable to send data along socket, closing connection
[2020.11.04-00.33.29:595][143]LogSlate: Window 'Message Log' being destroyed
[2020.11.04-00.33.29:599][143]LogSlate: Window 'Message Log' being destroyed
[2020.11.04-00.33.34:754][447]LogActorFactory: Actor Factory created SM_Randy_Scaled
[2020.11.04-00.33.35:343][475]LogActorFactory: Actor Factory created SM_Randy_Scaled
[2020.11.04-00.33.36:515][540]Cmd: DELETE
[2020.11.04-00.33.36:515][540]Cmd: ACTOR DELETE
[2020.11.04-00.33.36:548][540]LogEditorActor: Deleted Actor: StaticMeshActor
[2020.11.04-00.33.36:561][540]LogUObjectHash: Compacting FUObjectHashTables data took   0.83ms
[2020.11.04-00.33.36:565][540]LogEditorActor: Deleted 1 Actors (0.049 secs)
[2020.11.04-00.33.42:062][870]LogEditorViewport: Clicking on Actor (LMB): SkeletalMeshActor (Randy7_UMesh_Hubcaps3)
[2020.11.04-00.33.58:678][815]LogRenderer: Reallocating scene render targets to support 1300x544 Format 10 NumSamples 1 (Frame:1786).
[2020.11.04-00.33.58:721][816]LogRenderer: Reallocating scene render targets to support 1300x552 Format 10 NumSamples 1 (Frame:1788).
[2020.11.04-00.33.58:768][817]LogRenderer: Reallocating scene render targets to support 1300x572 Format 10 NumSamples 1 (Frame:1790).
[2020.11.04-00.33.58:819][818]LogRenderer: Reallocating scene render targets to support 1300x584 Format 10 NumSamples 1 (Frame:1792).
[2020.11.04-00.33.59:055][832]LogRenderer: Reallocating scene render targets to support 1300x592 Format 10 NumSamples 1 (Frame:1794).
[2020.11.04-00.33.59:101][833]LogRenderer: Reallocating scene render targets to support 1300x596 Format 10 NumSamples 1 (Frame:1796).
[2020.11.04-00.33.59:144][834]LogRenderer: Reallocating scene render targets to support 1300x600 Format 10 NumSamples 1 (Frame:1798).
[2020.11.04-00.33.59:716][868]LogEditorViewport: Clicking on Actor (LMB): StaticMeshActor (2_Randy3)
[2020.11.04-00.34.01:053][945]Cmd: DELETE
[2020.11.04-00.34.01:053][945]Cmd: ACTOR DELETE
[2020.11.04-00.34.01:085][945]LogEditorActor: Deleted Actor: StaticMeshActor
[2020.11.04-00.34.01:095][945]LogUObjectHash: Compacting FUObjectHashTables data took   0.26ms
[2020.11.04-00.34.01:098][945]LogEditorActor: Deleted 1 Actors (0.044 secs)
[2020.11.04-00.34.02:090][  5]LogEditorViewport: Clicking on Actor (LMB): StaticMeshActor (planet_Sphere001)
[2020.11.04-00.34.02:647][ 36]LogEditorViewport: Clicking on Actor (LMB): BP_Sky_Sphere_C (Sky Sphere)
[2020.11.04-00.35.30:791][275]LogRenderer: Reallocating scene render targets to support 1304x600 Format 10 NumSamples 1 (Frame:5133).
[2020.11.04-00.35.30:837][276]LogRenderer: Reallocating scene render targets to support 1308x600 Format 10 NumSamples 1 (Frame:5135).
[2020.11.04-00.35.30:910][276]LogRenderer: Reallocating scene render targets to support 1324x600 Format 10 NumSamples 1 (Frame:5137).
[2020.11.04-00.35.30:972][278]LogRenderer: Reallocating scene render targets to support 1336x600 Format 10 NumSamples 1 (Frame:5139).
[2020.11.04-00.35.31:023][279]LogRenderer: Reallocating scene render targets to support 1340x600 Format 10 NumSamples 1 (Frame:5141).
[2020.11.04-00.35.32:764][370]LogRenderer: Reallocating scene render targets to support 1340x608 Format 10 NumSamples 1 (Frame:5228).
[2020.11.04-00.35.32:814][371]LogRenderer: Reallocating scene render targets to support 1340x616 Format 10 NumSamples 1 (Frame:5230).
[2020.11.04-00.35.32:863][372]LogRenderer: Reallocating scene render targets to support 1340x664 Format 10 NumSamples 1 (Frame:5232).
[2020.11.04-00.35.32:916][373]LogRenderer: Reallocating scene render targets to support 1340x708 Format 10 NumSamples 1 (Frame:5234).
[2020.11.04-00.35.32:967][374]LogRenderer: Reallocating scene render targets to support 1340x740 Format 10 NumSamples 1 (Frame:5236).
[2020.11.04-00.35.33:022][375]LogRenderer: Reallocating scene render targets to support 1340x772 Format 10 NumSamples 1 (Frame:5238).
[2020.11.04-00.35.33:070][376]LogRenderer: Reallocating scene render targets to support 1340x792 Format 10 NumSamples 1 (Frame:5240).
[2020.11.04-00.35.33:123][377]LogRenderer: Reallocating scene render targets to support 1340x804 Format 10 NumSamples 1 (Frame:5242).
[2020.11.04-00.35.33:171][378]LogRenderer: Reallocating scene render targets to support 1340x812 Format 10 NumSamples 1 (Frame:5244).
[2020.11.04-00.35.41:119][637]LogD3D11RHI: Display: Temp texture streaming buffer not large enough, needed 16777216 bytes
[2020.11.04-00.35.54:692][107]LogEditorViewport: Clicking on Actor (context menu): StaticMeshActor (Mega_low)
[2020.11.04-00.35.56:163][153]LogEditorViewport: Clicking on Actor (context menu): BP_Sky_Sphere_C (Sky Sphere)
[2020.11.04-00.35.56:897][186]LogEditorViewport: Clicking on Actor (LMB): BP_Sky_Sphere_C (Sky Sphere)
[2020.11.04-00.36.19:796][913]LogEditorViewport: Clicking on Actor (LMB): SkeletalMeshActor (Randy7_UMesh_Hubcaps5)
[2020.11.04-00.36.30:960][285]Cmd: TRANSACTION UNDO
[2020.11.04-00.36.30:961][285]LogEditorTransaction: Undo Rotate Actors
[2020.11.04-00.36.30:998][285]LogSlate: Took 0.000150 seconds to synchronously load lazily loaded font '../../../Engine/Content/Slate/Fonts/Roboto-Light.ttf' (167K)
[2020.11.04-00.36.31:882][322]LogEditorViewport: Clicking on Actor (LMB): BP_Sky_Sphere_C (Sky Sphere)
[2020.11.04-00.36.35:109][428]LogEditorViewport: Clicking on Actor (LMB): SkeletalMeshActor (Randy7_UMesh_Hubcaps5)
[2020.11.04-00.36.52:326][995]LogEditorViewport: Clicking on Actor (LMB): BP_Sky_Sphere_C (Sky Sphere)
[2020.11.04-00.36.58:192][187]LogEditorViewport: Clicking on Actor (LMB): SkeletalMeshActor (Randy7_Dome4)
[2020.11.04-00.37.03:160][345]LogEditorViewport: Clicking on Actor (LMB): BP_Sky_Sphere_C (Sky Sphere)
[2020.11.04-00.39.32:314][658]LogEditorViewport: Clicking on Actor (LMB): BP_Sky_Sphere_C (Sky Sphere)
[2020.11.04-00.39.38:902][852]LogSlate: Window 'Color Picker' being destroyed
[2020.11.04-00.39.40:906][906]LogEditorViewport: Clicking on Actor (LMB): StaticMeshActor (Mega_low)
[2020.11.04-00.39.46:844][ 48]LogAssetEditorSubsystem: Opening Asset editor for MaterialInstanceConstant /Game/Art/Meshes/RockGroup2/RockDetailng/MeshBlendRockGrouping1.MeshBlendRockGrouping1
[2020.11.04-00.40.18:956][  1]LogSlate: Window 'MeshBlendRockGrouping1' being destroyed
[2020.11.04-00.40.18:960][  1]LogSlate: Window 'MeshBlendRockGrouping1' being destroyed
[2020.11.04-00.40.18:973][  1]LogUObjectHash: Compacting FUObjectHashTables data took   0.77ms
[2020.11.04-00.40.18:997][  1]LogMaterial: Display: Missing cached shader map for material DebugViewMode MaterialTexCoordScale, compiling. 
[2020.11.04-00.40.19:560][  1]LogShaderCompilers: Display: Worker (1/9): shaders left to compile 2
[2020.11.04-00.40.19:560][  1]LogShaderCompilers: Display: Worker (2/9): shaders left to compile 1
[2020.11.04-00.40.19:608][  1]TextureStreamingBuild: Display: Compiling optional shaders took 0.614 seconds.
[2020.11.04-00.40.19:619][  1]LogUObjectHash: Compacting FUObjectHashTables data took   0.26ms
[2020.11.04-00.40.19:711][  1]LogWorld: UWorld::CleanupWorld for World_4, bSessionEnded=true, bCleanupResources=true
[2020.11.04-00.40.19:711][  1]LogSlate: InvalidateAllWidgets triggered.  All widgets were invalidated
[2020.11.04-00.40.22:777][ 93]LogEditorViewport: Clicking on Actor (LMB): BP_Sky_Sphere_C (Sky Sphere)
[2020.11.04-00.40.48:845][104]LogSlate: Window 'Color Picker' being destroyed
[2020.11.04-00.40.56:400][475]LogEditorViewport: Clicking on Actor (LMB): BP_Sky_Sphere_C (Sky Sphere)
[2020.11.04-00.41.21:219][599]LogEditorViewport: Clicking on Actor (LMB): BP_Sky_Sphere_C (Sky Sphere)
[2020.11.04-00.41.57:965][787]LogEditorViewport: Clicking on Actor (LMB): InstancedFoliageActor (InstancedFoliageActor)
[2020.11.04-00.41.58:573][806]LogEditorViewport: Clicking on Actor (LMB): SkeletalMeshActor (Randy7_UMesh_Hubcaps5)
[2020.11.04-00.42.03:954][990]LogEditorViewport: Clicking on Actor (LMB): BP_Sky_Sphere_C (Sky Sphere)
[2020.11.04-00.42.04:717][ 14]LogEditorViewport: Clicking on Actor (LMB): SkeletalMeshActor (Randy7_Box17)
[2020.11.04-00.42.16:516][405]LogEditorViewport: Clicking on Actor (LMB): BP_Sky_Sphere_C (Sky Sphere)
[2020.11.04-00.43.01:123][ 97]LogEditorViewport: Clicking on Actor (LMB): BP_Sky_Sphere_C (Sky Sphere)
[2020.11.04-00.43.30:566][102]LogEditorViewport: Clicking on Actor (LMB): SkeletalMeshActor (Randy7_Sides4)
[2020.11.04-00.43.50:417][820]LogEditorViewport: Clicking on Actor (LMB): SkeletalMeshActor (Randy7_Sides4)
[2020.11.04-00.43.52:637][898]LogEditorViewport: Clicking on Actor (LMB): SkeletalMeshActor (Randy7_Object5)
[2020.11.04-00.43.53:396][922]LogEditorViewport: Clicking on Actor (LMB): Landscape (Landscape3)
[2020.11.04-00.43.54:023][941]LogEditorViewport: Clicking on Actor (LMB): SkeletalMeshActor (Randy7_UMesh_Hubcaps5)
[2020.11.04-00.44.02:900][242]LogEditorViewport: Clicking on Actor (LMB): BP_Sky_Sphere_C (Sky Sphere)
[2020.11.04-00.45.55:991][313]LogUObjectHash: Compacting FUObjectHashTables data took   0.88ms
[2020.11.04-00.45.57:755][313]LogSavePackage: Moving '../../../../../../Users/Mariah/Documents/GitHub/RobertandDavid/UnrealCollab/Akintar/Saved/Akintar_David_Auto10D05242C4592C7A2BAD532BBA12D3286.tmp' to '../../../../../../Users/Mariah/Documents/GitHub/RobertandDavid/UnrealCollab/Akintar/Saved/Autosaves/Game/Art/Akintar_David_Auto1.umap'
[2020.11.04-00.45.57:763][313]LogFileHelpers: Editor autosave (incl. sublevels) for '/Game/Art/Akintar_David' took 1.784
[2020.11.04-00.45.57:763][313]LogFileHelpers: Editor autosave (incl. sublevels) for all levels took 1.784
[2020.11.04-00.45.57:764][313]OBJ SavePackage: Generating thumbnails for [1] asset(s) in package [/Game/Art/Meshes/RockGroup2/RockDetailng/MeshBlendRockGrouping1] ([1] browsable assets)...
[2020.11.04-00.45.57:782][313]OBJ SavePackage:     Rendered thumbnail for [MaterialInstanceConstant /Game/Art/Meshes/RockGroup2/RockDetailng/MeshBlendRockGrouping1.MeshBlendRockGrouping1]
[2020.11.04-00.45.57:782][313]OBJ SavePackage: Finished generating thumbnails for package [/Game/Art/Meshes/RockGroup2/RockDetailng/MeshBlendRockGrouping1]
[2020.11.04-00.45.57:798][313]LogSavePackage: Moving '../../../../../../Users/Mariah/Documents/GitHub/RobertandDavid/UnrealCollab/Akintar/Saved/MeshBlendRockGrouping1_Auto149017F2648871DFDC682D8813CC4AC44.tmp' to '../../../../../../Users/Mariah/Documents/GitHub/RobertandDavid/UnrealCollab/Akintar/Saved/Autosaves/Game/Art/Meshes/RockGroup2/RockDetailng/MeshBlendRockGrouping1_Auto1.uasset'
[2020.11.04-00.45.57:800][313]LogFileHelpers: Auto-saving content packages took 0.036
